\BOOKMARK [0][-]{section*.1}{\376\377\000L\000i\000s\000t\000\040\000o\000f\000\040\000F\000i\000g\000u\000r\000e\000s}{}% 1
\BOOKMARK [1][-]{section.0.1}{\376\377\000A\000b\000s\000t\000r\000a\000c\000t}{section*.1}% 2
\BOOKMARK [1][-]{section.0.2}{\376\377\000I\000n\000t\000r\000o\000d\000u\000c\000t\000i\000o\000n}{section*.1}% 3
\BOOKMARK [2][-]{subsection.0.2.1}{\376\377\000A\000d\000v\000a\000n\000t\000a\000g\000e\000s\000\040\000o\000f\000\040\000X\000F\000E\000M\000\040\000o\000v\000e\000r\000\040\000s\000t\000a\000n\000d\000a\000r\000d\000\040\000F\000E\000M}{section.0.2}% 4
\BOOKMARK [1][-]{section.0.3}{\376\377\000P\000a\000r\000t\000i\000t\000i\000o\000n\000\040\000o\000f\000\040\000U\000n\000i\000t\000y\000\040\000F\000i\000n\000i\000t\000e\000\040\000E\000l\000e\000m\000e\000n\000t\000\040\000M\000e\000t\000h\000o\000d\000,\000\040\000P\000U\000-\000F\000E\000M}{section*.1}% 5
\BOOKMARK [1][-]{section.0.4}{\376\377\000E\000x\000t\000e\000n\000d\000e\000d\000\040\000F\000i\000n\000i\000t\000e\000\040\000E\000l\000e\000m\000e\000n\000t\000\040\000M\000e\000t\000h\000o\000d\000\040\000\050\000X\000F\000E\000M\000\051\000\040\000-\000\040\000R\000e\000a\000l\000i\000z\000a\000t\000i\000o\000n\000\040\000i\000n\000\040\0002\000D}{section*.1}% 6
\BOOKMARK [2][-]{subsection.0.4.1}{\376\377\000S\000e\000l\000e\000c\000t\000i\000o\000n\000\040\000o\000f\000\040\000e\000n\000r\000i\000c\000h\000e\000d\000\040\000n\000o\000d\000e\000s\000\040\000a\000n\000d\000\040\000e\000l\000e\000m\000e\000n\000t\000s}{section.0.4}% 7
\BOOKMARK [2][-]{subsection.0.4.2}{\376\377\000S\000e\000l\000e\000c\000t\000i\000o\000n\000\040\000o\000f\000\040\000B\000l\000e\000n\000d\000e\000d\000\040\000e\000l\000e\000m\000e\000n\000t\000s}{section.0.4}% 8
\BOOKMARK [2][-]{subsection.0.4.3}{\376\377\000S\000e\000l\000e\000c\000t\000i\000o\000n\000\040\000o\000f\000\040\000M\000i\000x\000e\000d\000\040\000E\000n\000r\000i\000c\000h\000e\000d\000\040\000e\000l\000e\000m\000e\000n\000t\000s}{section.0.4}% 9
\BOOKMARK [2][-]{subsection.0.4.4}{\376\377\000H\000e\000a\000v\000i\000s\000i\000d\000e\000\040\000s\000t\000e\000p\000\040\000f\000u\000n\000c\000t\000i\000o\000n}{section.0.4}% 10
\BOOKMARK [2][-]{subsection.0.4.5}{\376\377\000O\000r\000i\000e\000n\000t\000a\000t\000i\000o\000n\000\040\000t\000e\000s\000t}{section.0.4}% 11
\BOOKMARK [2][-]{subsection.0.4.6}{\376\377\000H\000e\000a\000v\000i\000s\000i\000d\000e\000\040\000E\000n\000r\000i\000c\000h\000m\000e\000n\000t}{section.0.4}% 12
\BOOKMARK [2][-]{subsection.0.4.7}{\376\377\000N\000e\000a\000r\000-\000t\000i\000p\000\040\000e\000n\000r\000i\000c\000h\000m\000e\000n\000t\000\040\000f\000u\000n\000c\000t\000i\000o\000n\000s}{section.0.4}% 13
\BOOKMARK [2][-]{subsection.0.4.8}{\376\377\000D\000e\000r\000i\000v\000a\000t\000i\000v\000e\000s\000\040\000o\000f\000\040\000t\000h\000e\000\040\000n\000e\000a\000r\000-\000t\000i\000p\000\040\000e\000n\000r\000i\000c\000h\000m\000e\000n\000t\000\040\000f\000u\000n\000c\000t\000i\000o\000n\000s}{section.0.4}% 14
\BOOKMARK [1][-]{section.0.5}{\376\377\000\040\000F\000o\000r\000m\000u\000l\000a\000t\000i\000o\000n\000\040\000o\000f\000\040\000X\000F\000E\000M\000\040\000s\000h\000a\000p\000e\000\040\000f\000u\000n\000c\000t\000i\000o\000n\000s\000\040\000a\000n\000d\000\040\000B\000-\000m\000a\000t\000r\000i\000x\000\040\000i\000n\000\040\000t\000h\000e\000\040\000f\000r\000a\000m\000e\000w\000o\000r\000k\000\040\000o\000f\000\040\000F\000i\000n\000i\000t\000e\000\040\000E\000l\000e\000m\000e\000n\000t\000\040\000M\000e\000t\000h\000o\000d}{section*.1}% 15
\BOOKMARK [2][-]{subsection.0.5.1}{\376\377\000S\000h\000a\000p\000e\000\040\000f\000u\000n\000c\000t\000i\000o\000n\000s}{section.0.5}% 16
\BOOKMARK [2][-]{subsection.0.5.2}{\376\377\000B\000-\000m\000a\000t\000r\000i\000x}{section.0.5}% 17
\BOOKMARK [2][-]{subsection.0.5.3}{\376\377\000N\000u\000m\000e\000r\000i\000c\000a\000l\000\040\000I\000n\000t\000e\000g\000r\000a\000t\000i\000o\000n}{section.0.5}% 18
\BOOKMARK [2][-]{subsection.0.5.4}{\376\377\000E\000l\000e\000m\000e\000n\000t\000\040\000c\000o\000n\000n\000e\000c\000t\000i\000v\000i\000t\000y\000\040\000m\000a\000t\000r\000i\000x}{section.0.5}% 19
\BOOKMARK [2][-]{subsection.0.5.5}{\376\377\000\040\000E\000l\000e\000m\000e\000n\000t\000\040\000s\000t\000i\000f\000f\000n\000e\000s\000s\000\040\000m\000a\000t\000r\000i\000x}{section.0.5}% 20
\BOOKMARK [2][-]{subsection.0.5.6}{\376\377\000N\000o\000d\000a\000l\000\040\000D\000i\000s\000p\000l\000a\000c\000e\000m\000e\000n\000t\000s}{section.0.5}% 21
\BOOKMARK [2][-]{subsection.0.5.7}{\376\377\000C\000a\000l\000c\000u\000l\000a\000t\000i\000o\000n\000\040\000o\000f\000\040\000S\000t\000r\000e\000s\000s\000e\000s\000\040\000a\000n\000d\000\040\000S\000t\000r\000a\000i\000n\000s}{section.0.5}% 22
\BOOKMARK [1][-]{section.0.6}{\376\377\000L\000i\000n\000e\000a\000r\000\040\000E\000l\000a\000s\000t\000i\000c\000\040\000F\000r\000a\000c\000t\000u\000r\000e\000\040\000m\000e\000c\000h\000a\000n\000i\000c\000s}{section*.1}% 23
\BOOKMARK [2][-]{subsection.0.6.1}{\376\377\000I\000n\000t\000r\000o\000d\000u\000c\000t\000i\000o\000n}{section.0.6}% 24
\BOOKMARK [2][-]{subsection.0.6.2}{\376\377\000M\000o\000d\000e\000s\000\040\000o\000f\000\040\000F\000a\000i\000l\000u\000r\000e}{section.0.6}% 25
\BOOKMARK [1][-]{section.0.7}{\376\377\000\040\000D\000i\000s\000p\000l\000a\000c\000e\000m\000e\000n\000t\000\040\000a\000n\000d\000\040\000S\000t\000r\000e\000s\000s\000\040\000F\000i\000e\000l\000d\000s\000\040\000a\000t\000\040\000t\000h\000e\000\040\000C\000r\000a\000c\000k\000\040\000T\000i\000p\000\040\000A\000r\000e\000a}{section*.1}% 26
\BOOKMARK [2][-]{subsection.0.7.1}{\376\377\000A\000u\000x\000i\000l\000i\000a\000r\000y\000\040\000d\000i\000s\000p\000l\000a\000c\000e\000m\000e\000n\000t\000s\000\040\000f\000o\000r\000\040\000m\000o\000d\000e\000-\000I}{section.0.7}% 27
\BOOKMARK [2][-]{subsection.0.7.2}{\376\377\000A\000u\000x\000i\000l\000i\000a\000r\000y\000\040\000s\000t\000r\000e\000s\000s\000e\000s\000\040\000f\000o\000r\000\040\000m\000o\000d\000e\000-\000I}{section.0.7}% 28
\BOOKMARK [2][-]{subsection.0.7.3}{\376\377\000A\000u\000x\000i\000l\000i\000a\000r\000y\000\040\000d\000i\000s\000p\000l\000a\000c\000e\000m\000e\000n\000t\000s\000\040\000f\000o\000r\000\040\000m\000o\000d\000e\000-\000I\000I}{section.0.7}% 29
\BOOKMARK [2][-]{subsection.0.7.4}{\376\377\000A\000u\000x\000i\000l\000i\000a\000r\000y\000\040\000s\000t\000r\000e\000s\000s\000e\000s\000\040\000f\000o\000r\000\040\000m\000o\000d\000e\000-\000I\000I}{section.0.7}% 30
\BOOKMARK [1][-]{section.0.8}{\376\377\000S\000t\000r\000e\000s\000s\000\040\000I\000n\000t\000e\000n\000s\000i\000t\000y\000\040\000F\000a\000c\000t\000o\000r\000s}{section*.1}% 31
\BOOKMARK [2][-]{subsection.0.8.1}{\376\377\000J\000-\000i\000n\000t\000e\000g\000r\000a\000l}{section.0.8}% 32
\BOOKMARK [2][-]{subsection.0.8.2}{\376\377\000T\000h\000e\000\040\000M\000a\000x\000i\000m\000u\000m\000\040\000C\000i\000r\000c\000u\000m\000f\000e\000r\000e\000n\000t\000i\000a\000l\000\040\000T\000e\000n\000s\000i\000l\000e\000\040\000S\000t\000r\000e\000s\000s\000\040\000C\000r\000i\000t\000e\000r\000i\000o\000n}{section.0.8}% 33
\BOOKMARK [1][-]{section.0.9}{\376\377\000U\000s\000e\000r\000\040\000M\000a\000n\000u\000a\000l}{section*.1}% 34
\BOOKMARK [2][-]{subsection.0.9.1}{\376\377\000U\000s\000e\000r\000\040\000D\000e\000f\000i\000n\000e\000d\000\040\000V\000a\000r\000i\000a\000b\000l\000e\000s}{section.0.9}% 35
\BOOKMARK [2][-]{subsection.0.9.2}{\376\377\000N\000e\000c\000e\000s\000s\000a\000r\000y\000\040\000F\000i\000l\000e\000s}{section.0.9}% 36
\BOOKMARK [2][-]{subsection.0.9.3}{\376\377\000L\000i\000b\000r\000a\000r\000i\000e\000s}{section.0.9}% 37
\BOOKMARK [2][-]{subsection.0.9.4}{\376\377\000F\000l\000o\000w\000\040\000c\000h\000a\000r\000t\000s}{section.0.9}% 38
\BOOKMARK [1][-]{section.0.10}{\376\377\000T\000e\000s\000t\000i\000n\000g\000\040\000a\000n\000d\000\040\000v\000e\000r\000i\000f\000i\000c\000a\000t\000i\000o\000n}{section*.1}% 39
\BOOKMARK [2][-]{subsection.0.10.1}{\376\377\000U\000n\000i\000t\000\040\000t\000e\000s\000t\000s}{section.0.10}% 40
\BOOKMARK [3][-]{subsubsection.0.10.1.1}{\376\377\000S\000a\000n\000i\000t\000y\000\040\000c\000h\000e\000c\000k\000\040\000f\000o\000r\000\040\000S\000t\000e\000p\000\040\000f\000u\000n\000c\000t\000i\000o\000n}{subsection.0.10.1}% 41
\BOOKMARK [3][-]{subsubsection.0.10.1.2}{\376\377\000S\000a\000n\000i\000t\000y\000\040\000c\000h\000e\000c\000k\000\040\000f\000o\000r\000\040\000H\000e\000a\000v\000i\000s\000i\000d\000e\000\040\000B\000-\000m\000a\000t\000r\000i\000x}{subsection.0.10.1}% 42
\BOOKMARK [3][-]{subsubsection.0.10.1.3}{\376\377\000S\000a\000n\000i\000t\000y\000\040\000c\000h\000e\000c\000k\000\040\000f\000o\000r\000\040\000C\000o\000n\000n\000e\000c\000t\000i\000v\000i\000t\000y\000\040\000m\000a\000t\000r\000i\000x}{subsection.0.10.1}% 43
\BOOKMARK [3][-]{subsubsection.0.10.1.4}{\376\377\000S\000a\000n\000i\000t\000y\000\040\000c\000h\000e\000c\000k\000\040\000f\000o\000r\000\040\000a\000d\000d\000A\000t\000p\000o\000s\000\040\000f\000u\000n\000c\000t\000i\000o\000n}{subsection.0.10.1}% 44
\BOOKMARK [3][-]{subsubsection.0.10.1.5}{\376\377\000S\000a\000n\000i\000t\000y\000\040\000c\000h\000e\000c\000k\000\040\000f\000o\000r\000\040\000n\000o\000d\000e\000\040\000f\000i\000l\000t\000e\000r\000i\000n\000g}{subsection.0.10.1}% 45
\BOOKMARK [3][-]{subsubsection.0.10.1.6}{\376\377\000S\000a\000n\000i\000t\000y\000\040\000c\000h\000e\000c\000k\000\040\000f\000o\000r\000\040\000e\000l\000e\000m\000e\000n\000t\000\040\000f\000i\000l\000t\000e\000r\000i\000n\000g}{subsection.0.10.1}% 46
\BOOKMARK [3][-]{subsubsection.0.10.1.7}{\376\377\000S\000a\000n\000i\000t\000y\000\040\000c\000h\000e\000c\000k\000\040\000f\000o\000r\000\040\000G\000a\000u\000s\000s\000\040\000p\000o\000i\000n\000t\000s\000\040\000g\000e\000n\000e\000r\000a\000t\000i\000o\000n}{subsection.0.10.1}% 47
\BOOKMARK [3][-]{subsubsection.0.10.1.8}{\376\377\000S\000a\000n\000i\000t\000y\000\040\000c\000h\000e\000c\000k\000\040\000f\000o\000r\000\040\000A\000s\000y\000m\000p\000t\000o\000t\000i\000c\000\040\000f\000u\000n\000c\000t\000i\000o\000n\000s}{subsection.0.10.1}% 48
\BOOKMARK [3][-]{subsubsection.0.10.1.9}{\376\377\000S\000a\000n\000i\000t\000y\000\040\000c\000h\000e\000c\000k\000\040\000f\000o\000r\000\040\000T\000i\000p\000\040\000e\000n\000r\000i\000c\000h\000e\000d\000\040\000B\000-\000m\000a\000t\000r\000i\000x}{subsection.0.10.1}% 49
\BOOKMARK [3][-]{subsubsection.0.10.1.10}{\376\377\000S\000a\000n\000i\000t\000y\000\040\000c\000h\000e\000c\000k\000\040\000f\000o\000r\000\040\000U\000n\000i\000f\000o\000r\000m\000\040\000m\000e\000s\000h}{subsection.0.10.1}% 50
\BOOKMARK [3][-]{subsubsection.0.10.1.11}{\376\377\000S\000a\000n\000i\000t\000y\000\040\000c\000h\000e\000c\000k\000\040\000f\000o\000r\000\040\000S\000t\000r\000a\000i\000n\000\040\000m\000a\000t\000r\000i\000x\000\040\000g\000e\000n\000e\000r\000a\000t\000o\000r}{subsection.0.10.1}% 51
\BOOKMARK [3][-]{subsubsection.0.10.1.12}{\376\377\000S\000a\000n\000i\000t\000y\000\040\000c\000h\000e\000c\000k\000\040\000f\000o\000r\000\040\000p\000o\000i\000n\000t\000\040\000i\000n\000s\000i\000d\000e\000\040\000t\000h\000e\000\040\000c\000i\000r\000c\000l\000e}{subsection.0.10.1}% 52
\BOOKMARK [3][-]{subsubsection.0.10.1.13}{\376\377\000S\000a\000n\000i\000t\000y\000\040\000c\000h\000e\000c\000k\000\040\000m\000a\000t\000r\000i\000x\000\040\000t\000r\000a\000n\000s\000f\000o\000r\000m\000a\000t\000i\000o\000n}{subsection.0.10.1}% 53
\BOOKMARK [2][-]{subsection.0.10.2}{\376\377\000P\000a\000t\000c\000h\000\040\000t\000e\000s\000t\000s}{section.0.10}% 54
\BOOKMARK [3][-]{subsubsection.0.10.2.1}{\376\377\000R\000i\000g\000i\000d\000\040\000b\000o\000d\000y\000\040\000t\000r\000a\000n\000s\000l\000a\000t\000i\000o\000n\000\040\000t\000e\000s\000t}{subsection.0.10.2}% 55
\BOOKMARK [3][-]{subsubsection.0.10.2.2}{\376\377\000L\000i\000n\000e\000a\000r\000\040\000E\000l\000a\000s\000t\000i\000c\000\040\000M\000a\000t\000e\000r\000i\000a\000l\000\040\000R\000e\000s\000p\000o\000n\000s\000e\000\040\000t\000e\000s\000t}{subsection.0.10.2}% 56
\BOOKMARK [3][-]{subsubsection.0.10.2.3}{\376\377\000S\000a\000n\000i\000t\000y\000\040\000c\000h\000e\000c\000k\000\040\000f\000o\000r\000\040\000I\000s\000o\000t\000r\000o\000p\000i\000c\000\040\000m\000a\000t\000e\000r\000i\000a\000l\000\040\000p\000r\000o\000p\000e\000r\000t\000y}{subsection.0.10.2}% 57
\BOOKMARK [3][-]{subsubsection.0.10.2.4}{\376\377\000S\000a\000n\000i\000t\000y\000\040\000c\000h\000e\000c\000k\000\040\000f\000o\000r\000\040\000S\000h\000a\000p\000e\000\040\000f\000u\000n\000c\000t\000i\000o\000n\000s}{subsection.0.10.2}% 58
\BOOKMARK [3][-]{subsubsection.0.10.2.5}{\376\377\000S\000a\000n\000i\000t\000y\000\040\000c\000h\000e\000c\000k\000\040\000f\000o\000r\000\040\000J\000a\000c\000o\000b\000i\000a\000n\000\040\000m\000a\000t\000r\000i\000x}{subsection.0.10.2}% 59
\BOOKMARK [3][-]{subsubsection.0.10.2.6}{\376\377\000S\000a\000n\000i\000t\000y\000\040\000c\000h\000e\000c\000k\000\040\000f\000o\000r\000\040\000R\000i\000g\000i\000d\000\040\000b\000o\000d\000y\000\040\000m\000o\000t\000i\000o\000n\000s}{subsection.0.10.2}% 60
\BOOKMARK [3][-]{subsubsection.0.10.2.7}{\376\377\000S\000a\000n\000i\000t\000y\000\040\000c\000h\000e\000c\000k\000\040\000f\000o\000r\000\040\000R\000i\000g\000i\000d\000\040\000b\000o\000d\000y\000\040\000r\000o\000t\000a\000t\000i\000o\000n}{subsection.0.10.2}% 61
\BOOKMARK [1][-]{section.0.11}{\376\377\000T\000i\000m\000e\000\040\000A\000n\000a\000l\000y\000s\000i\000s}{section*.1}% 62
