This is pdfTeX, Version 3.141592653-2.6-1.40.24 (MiKTeX 21.12) (preloaded format=pdflatex 2022.2.17)  25 MAR 2022 21:00
entering extended mode
 restricted \write18 enabled.
 %&-line parsing enabled.
**./dft.tex
(dft.tex
LaTeX2e <2021-11-15> patch level 1
L3 programming layer <2021-11-22> (D:\LaTeX\tex/latex/base\report.cls
Document Class: report 2021/10/04 v1.4n Standard LaTeX document class
(D:\LaTeX\tex/latex/base\fleqn.clo
File: fleqn.clo 2016/12/29 v1.2b Standard LaTeX option (flush left equations)
\mathindent=\skip47
Applying: [2015/01/01] Make \[ robust on input line 50.
LaTeX Info: Redefining \[ on input line 51.
Already applied: [0000/00/00] Make \[ robust on input line 62.
Applying: [2015/01/01] Make \] robust on input line 74.
LaTeX Info: Redefining \] on input line 75.
Already applied: [0000/00/00] Make \] robust on input line 83.
) (D:\LaTeX\tex/latex/base\size10.clo
File: size10.clo 2021/10/04 v1.4n Standard LaTeX file (size option)
)
\c@part=\count183
\c@chapter=\count184
\c@section=\count185
\c@subsection=\count186
\c@subsubsection=\count187
\c@paragraph=\count188
\c@subparagraph=\count189
\c@figure=\count190
\c@table=\count191
\abovecaptionskip=\skip48
\belowcaptionskip=\skip49
\bibindent=\dimen138
)
(D:\LaTeX\tex/latex/amsmath\amsmath.sty
Package: amsmath 2021/10/15 v2.17l AMS math features
\@mathmargin=\skip50

For additional information on amsmath, use the `?' option.
(D:\LaTeX\tex/latex/amsmath\amstext.sty
Package: amstext 2021/08/26 v2.01 AMS text
 (D:\LaTeX\tex/latex/amsmath\amsgen.sty
File: amsgen.sty 1999/11/30 v2.0 generic functions
\@emptytoks=\toks16
\ex@=\dimen139
)) (D:\LaTeX\tex/latex/amsmath\amsbsy.sty
Package: amsbsy 1999/11/29 v1.2d Bold Symbols
\pmbraise@=\dimen140
)
(D:\LaTeX\tex/latex/amsmath\amsopn.sty
Package: amsopn 2021/08/26 v2.02 operator names
)
\inf@bad=\count192
LaTeX Info: Redefining \frac on input line 234.
\uproot@=\count193
\leftroot@=\count194
LaTeX Info: Redefining \overline on input line 399.
\classnum@=\count195
\DOTSCASE@=\count196
LaTeX Info: Redefining \ldots on input line 496.
LaTeX Info: Redefining \dots on input line 499.
LaTeX Info: Redefining \cdots on input line 620.
\Mathstrutbox@=\box50
\strutbox@=\box51
\big@size=\dimen141
LaTeX Font Info:    Redeclaring font encoding OML on input line 743.
LaTeX Font Info:    Redeclaring font encoding OMS on input line 744.
\macc@depth=\count197
\c@MaxMatrixCols=\count198
\dotsspace@=\muskip16
\c@parentequation=\count199
\dspbrk@lvl=\count266
\tag@help=\toks17
\row@=\count267
\column@=\count268
\maxfields@=\count269
\andhelp@=\toks18
\eqnshift@=\dimen142
\alignsep@=\dimen143
\tagshift@=\dimen144
\tagwidth@=\dimen145
\totwidth@=\dimen146
\lineht@=\dimen147
\@envbody=\toks19
\multlinegap=\skip51
\multlinetaggap=\skip52
\mathdisplay@stack=\toks20
LaTeX Info: Redefining \[ on input line 2938.
LaTeX Info: Redefining \] on input line 2939.
)
(D:\LaTeX\tex/latex/amsfonts\amssymb.sty
Package: amssymb 2013/01/14 v3.01 AMS font symbols

(D:\LaTeX\tex/latex/amsfonts\amsfonts.sty
Package: amsfonts 2013/01/14 v3.01 Basic AMSFonts support
\symAMSa=\mathgroup4
\symAMSb=\mathgroup5
LaTeX Font Info:    Redeclaring math symbol \hbar on input line 98.
LaTeX Font Info:    Overwriting math alphabet `\mathfrak' in version `bold'
(Font)                  U/euf/m/n --> U/euf/b/n on input line 106.
))
(D:\LaTeX\tex/latex/titlesec\titlesec.sty
Package: titlesec 2021/07/05 v2.14 Sectioning titles
\ttl@box=\box52
\beforetitleunit=\skip53
\aftertitleunit=\skip54
\ttl@plus=\dimen148
\ttl@minus=\dimen149
\ttl@toksa=\toks21
\titlewidth=\dimen150
\titlewidthlast=\dimen151
\titlewidthfirst=\dimen152
)
(D:\LaTeX\tex/generic/babel\babel.sty
Package: babel 2021/11/29 3.67 The Babel package
\babel@savecnt=\count270
\U@D=\dimen153
\l@unhyphenated=\language79
 (D:\LaTeX\tex/generic/babel\txtbabel.def)
\bbl@readstream=\read2
\bbl@dirlevel=\count271
*************************************
* Local config file bblopts.cfg used
*
(D:\LaTeX\tex/latex/arabi\bblopts.cfg
File: bblopts.cfg 2005/09/08 v0.1 add Arabic and Farsi to "declared" options of
 babel
)
Package babel Info: You haven't specified a language. I'll use 'nil'
(babel)             as the main language. Reported on input line 4331.
 (D:\LaTeX\tex/generic/babel\nil.ldf
Language: nil 2021/11/29 3.67 Nil language
\l@nil=\language80
))
(D:\LaTeX\tex/latex/blindtext\blindtext.sty
Package: blindtext 2012/01/06 V2.0 blindtext-Package

(D:\LaTeX\tex/latex/tools\xspace.sty
Package: xspace 2014/10/28 v1.13 Space after command names (DPC,MH)
)
\c@blindtext=\count272
\c@Blindtext=\count273
\c@blind@countparstart=\count274
\blind@countxx=\count275
\blindtext@numBlindtext=\count276
\blind@countyy=\count277
\c@blindlist=\count278
\c@blindlistlevel=\count279
\c@blindlist@level=\count280
\blind@listitem=\count281
\c@blind@listcount=\count282
\c@blind@levelcount=\count283
\blind@mathformula=\count284
\blind@Mathformula=\count285
\c@blind@randomcount=\count286
\c@blind@randommax=\count287
\c@blind@pangramcount=\count288
\c@blind@pangrammax=\count289
)
(D:\LaTeX\tex/latex/graphics\graphicx.sty
Package: graphicx 2021/09/16 v1.2d Enhanced LaTeX Graphics (DPC,SPQR)

(D:\LaTeX\tex/latex/graphics\keyval.sty
Package: keyval 2014/10/28 v1.15 key=value parser (DPC)
\KV@toks@=\toks22
)
(D:\LaTeX\tex/latex/graphics\graphics.sty
Package: graphics 2021/03/04 v1.4d Standard LaTeX Graphics (DPC,SPQR)
 (D:\LaTeX\tex/latex/graphics\trig.sty
Package: trig 2021/08/11 v1.11 sin cos tan (DPC)
) (D:\LaTeX\tex/latex/graphics-cfg\graphics.cfg
File: graphics.cfg 2016/06/04 v1.11 sample graphics configuration
)
Package graphics Info: Driver file: pdftex.def on input line 107.

(D:\LaTeX\tex/latex/graphics-def\pdftex.def
File: pdftex.def 2020/10/05 v1.2a Graphics/color driver for pdftex
))
\Gin@req@height=\dimen154
\Gin@req@width=\dimen155
)
(D:\LaTeX\tex/latex/hyperref\hyperref.sty
Package: hyperref 2021-06-07 v7.00m Hypertext links for LaTeX

(D:\LaTeX\tex/generic/ltxcmds\ltxcmds.sty
Package: ltxcmds 2020-05-10 v1.25 LaTeX kernel commands for general use (HO)
)
(D:\LaTeX\tex/generic/iftex\iftex.sty
Package: iftex 2020/03/06 v1.0d TeX engine tests
)
(D:\LaTeX\tex/generic/pdftexcmds\pdftexcmds.sty
Package: pdftexcmds 2020-06-27 v0.33 Utility functions of pdfTeX for LuaTeX (HO
)

(D:\LaTeX\tex/generic/infwarerr\infwarerr.sty
Package: infwarerr 2019/12/03 v1.5 Providing info/warning/error messages (HO)
)
Package pdftexcmds Info: \pdf@primitive is available.
Package pdftexcmds Info: \pdf@ifprimitive is available.
Package pdftexcmds Info: \pdfdraftmode found.
)
(D:\LaTeX\tex/generic/kvsetkeys\kvsetkeys.sty
Package: kvsetkeys 2019/12/15 v1.18 Key value parser (HO)
)
(D:\LaTeX\tex/generic/kvdefinekeys\kvdefinekeys.sty
Package: kvdefinekeys 2019-12-19 v1.6 Define keys (HO)
)
(D:\LaTeX\tex/generic/pdfescape\pdfescape.sty
Package: pdfescape 2019/12/09 v1.15 Implements pdfTeX's escape features (HO)
)
(D:\LaTeX\tex/latex/hycolor\hycolor.sty
Package: hycolor 2020-01-27 v1.10 Color options for hyperref/bookmark (HO)
)
(D:\LaTeX\tex/latex/letltxmacro\letltxmacro.sty
Package: letltxmacro 2019/12/03 v1.6 Let assignment for LaTeX macros (HO)
)
(D:\LaTeX\tex/latex/auxhook\auxhook.sty
Package: auxhook 2019-12-17 v1.6 Hooks for auxiliary files (HO)
)
(D:\LaTeX\tex/latex/kvoptions\kvoptions.sty
Package: kvoptions 2020-10-07 v3.14 Key value format for package options (HO)
)
\@linkdim=\dimen156
\Hy@linkcounter=\count290
\Hy@pagecounter=\count291

(D:\LaTeX\tex/latex/hyperref\pd1enc.def
File: pd1enc.def 2021-06-07 v7.00m Hyperref: PDFDocEncoding definition (HO)
Now handling font encoding PD1 ...
... no UTF-8 mapping file for font encoding PD1
)
(D:\LaTeX\tex/latex/hyperref\hyperref-langpatches.def
File: hyperref-langpatches.def 2021-06-07 v7.00m Hyperref: patches for babel la
nguages
)
(D:\LaTeX\tex/generic/intcalc\intcalc.sty
Package: intcalc 2019/12/15 v1.3 Expandable calculations with integers (HO)
)
(D:\LaTeX\tex/generic/etexcmds\etexcmds.sty
Package: etexcmds 2019/12/15 v1.7 Avoid name clashes with e-TeX commands (HO)
)
\Hy@SavedSpaceFactor=\count292

(D:\LaTeX\tex/latex/hyperref\puenc.def
File: puenc.def 2021-06-07 v7.00m Hyperref: PDF Unicode definition (HO)
Now handling font encoding PU ...
... no UTF-8 mapping file for font encoding PU
)
Package hyperref Info: Hyper figures OFF on input line 4192.
Package hyperref Info: Link nesting OFF on input line 4197.
Package hyperref Info: Hyper index ON on input line 4200.
Package hyperref Info: Plain pages OFF on input line 4207.
Package hyperref Info: Backreferencing OFF on input line 4212.
Package hyperref Info: Implicit mode ON; LaTeX internals redefined.
Package hyperref Info: Bookmarks ON on input line 4445.
\c@Hy@tempcnt=\count293
 (D:\LaTeX\tex/latex/url\url.sty
\Urlmuskip=\muskip17
Package: url 2013/09/16  ver 3.4  Verb mode for urls, etc.
)
LaTeX Info: Redefining \url on input line 4804.
\XeTeXLinkMargin=\dimen157

(D:\LaTeX\tex/generic/bitset\bitset.sty
Package: bitset 2019/12/09 v1.3 Handle bit-vector datatype (HO)

(D:\LaTeX\tex/generic/bigintcalc\bigintcalc.sty
Package: bigintcalc 2019/12/15 v1.5 Expandable calculations on big integers (HO
)
))
\Fld@menulength=\count294
\Field@Width=\dimen158
\Fld@charsize=\dimen159
Package hyperref Info: Hyper figures OFF on input line 6076.
Package hyperref Info: Link nesting OFF on input line 6081.
Package hyperref Info: Hyper index ON on input line 6084.
Package hyperref Info: backreferencing OFF on input line 6091.
Package hyperref Info: Link coloring OFF on input line 6096.
Package hyperref Info: Link coloring with OCG OFF on input line 6101.
Package hyperref Info: PDF/A mode OFF on input line 6106.
LaTeX Info: Redefining \ref on input line 6146.
LaTeX Info: Redefining \pageref on input line 6150.

(D:\LaTeX\tex/latex/base\atbegshi-ltx.sty
Package: atbegshi-ltx 2021/01/10 v1.0c Emulation of the original atbegshi
package with kernel methods
)
\Hy@abspage=\count295
\c@Item=\count296
\c@Hfootnote=\count297
)
Package hyperref Info: Driver (autodetected): hpdftex.

(D:\LaTeX\tex/latex/hyperref\hpdftex.def
File: hpdftex.def 2021-06-07 v7.00m Hyperref driver for pdfTeX

(D:\LaTeX\tex/latex/base\atveryend-ltx.sty
Package: atveryend-ltx 2020/08/19 v1.0a Emulation of the original atveryend pac
kage
with kernel methods
)
\Fld@listcount=\count298
\c@bookmark@seq@number=\count299

(D:\LaTeX\tex/latex/rerunfilecheck\rerunfilecheck.sty
Package: rerunfilecheck 2019/12/05 v1.9 Rerun checks for auxiliary files (HO)

(D:\LaTeX\tex/generic/uniquecounter\uniquecounter.sty
Package: uniquecounter 2019/12/15 v1.4 Provide unlimited unique counter (HO)
)
Package uniquecounter Info: New unique counter `rerunfilecheck' on input line 2
86.
)
\Hy@SectionHShift=\skip55
)
(D:\LaTeX\tex/latex/oberdiek\hypcap.sty
Package: hypcap 2016/05/16 v1.12 Adjusting the anchors of captions (HO)
)
(D:\LaTeX\tex/latex/pgf/frontendlayer\tikz.sty
(D:\LaTeX\tex/latex/pgf/basiclayer\pgf.sty
(D:\LaTeX\tex/latex/pgf/utilities\pgfrcs.sty
(D:\LaTeX\tex/generic/pgf/utilities\pgfutil-common.tex
\pgfutil@everybye=\toks23
\pgfutil@tempdima=\dimen160
\pgfutil@tempdimb=\dimen161

(D:\LaTeX\tex/generic/pgf/utilities\pgfutil-common-lists.tex))
(D:\LaTeX\tex/generic/pgf/utilities\pgfutil-latex.def
\pgfutil@abb=\box53
)
(D:\LaTeX\tex/generic/pgf/utilities\pgfrcs.code.tex
(D:\LaTeX\tex/generic/pgf\pgf.revision.tex)
Package: pgfrcs 2021/05/15 v3.1.9a (3.1.9a)
))
Package: pgf 2021/05/15 v3.1.9a (3.1.9a)

(D:\LaTeX\tex/latex/pgf/basiclayer\pgfcore.sty
(D:\LaTeX\tex/latex/pgf/systemlayer\pgfsys.sty
(D:\LaTeX\tex/generic/pgf/systemlayer\pgfsys.code.tex
Package: pgfsys 2021/05/15 v3.1.9a (3.1.9a)

(D:\LaTeX\tex/generic/pgf/utilities\pgfkeys.code.tex
\pgfkeys@pathtoks=\toks24
\pgfkeys@temptoks=\toks25

(D:\LaTeX\tex/generic/pgf/utilities\pgfkeysfiltered.code.tex
\pgfkeys@tmptoks=\toks26
))
\pgf@x=\dimen162
\pgf@y=\dimen163
\pgf@xa=\dimen164
\pgf@ya=\dimen165
\pgf@xb=\dimen166
\pgf@yb=\dimen167
\pgf@xc=\dimen168
\pgf@yc=\dimen169
\pgf@xd=\dimen170
\pgf@yd=\dimen171
\w@pgf@writea=\write3
\r@pgf@reada=\read3
\c@pgf@counta=\count300
\c@pgf@countb=\count301
\c@pgf@countc=\count302
\c@pgf@countd=\count303
\t@pgf@toka=\toks27
\t@pgf@tokb=\toks28
\t@pgf@tokc=\toks29
\pgf@sys@id@count=\count304

(D:\LaTeX\tex/generic/pgf/systemlayer\pgf.cfg
File: pgf.cfg 2021/05/15 v3.1.9a (3.1.9a)
)
Driver file for pgf: pgfsys-pdftex.def

(D:\LaTeX\tex/generic/pgf/systemlayer\pgfsys-pdftex.def
File: pgfsys-pdftex.def 2021/05/15 v3.1.9a (3.1.9a)

(D:\LaTeX\tex/generic/pgf/systemlayer\pgfsys-common-pdf.def
File: pgfsys-common-pdf.def 2021/05/15 v3.1.9a (3.1.9a)
)))
(D:\LaTeX\tex/generic/pgf/systemlayer\pgfsyssoftpath.code.tex
File: pgfsyssoftpath.code.tex 2021/05/15 v3.1.9a (3.1.9a)
\pgfsyssoftpath@smallbuffer@items=\count305
\pgfsyssoftpath@bigbuffer@items=\count306
)
(D:\LaTeX\tex/generic/pgf/systemlayer\pgfsysprotocol.code.tex
File: pgfsysprotocol.code.tex 2021/05/15 v3.1.9a (3.1.9a)
))
(D:\LaTeX\tex/latex/xcolor\xcolor.sty
Package: xcolor 2021/10/31 v2.13 LaTeX color extensions (UK)

(D:\LaTeX\tex/latex/graphics-cfg\color.cfg
File: color.cfg 2016/01/02 v1.6 sample color configuration
)
Package xcolor Info: Driver file: pdftex.def on input line 227.
Package xcolor Info: Model `cmy' substituted by `cmy0' on input line 1352.
Package xcolor Info: Model `hsb' substituted by `rgb' on input line 1356.
Package xcolor Info: Model `RGB' extended on input line 1368.
Package xcolor Info: Model `HTML' substituted by `rgb' on input line 1370.
Package xcolor Info: Model `Hsb' substituted by `hsb' on input line 1371.
Package xcolor Info: Model `tHsb' substituted by `hsb' on input line 1372.
Package xcolor Info: Model `HSB' substituted by `hsb' on input line 1373.
Package xcolor Info: Model `Gray' substituted by `gray' on input line 1374.
Package xcolor Info: Model `wave' substituted by `hsb' on input line 1375.
)
(D:\LaTeX\tex/generic/pgf/basiclayer\pgfcore.code.tex
Package: pgfcore 2021/05/15 v3.1.9a (3.1.9a)

(D:\LaTeX\tex/generic/pgf/math\pgfmath.code.tex
(D:\LaTeX\tex/generic/pgf/math\pgfmathcalc.code.tex
(D:\LaTeX\tex/generic/pgf/math\pgfmathutil.code.tex)
(D:\LaTeX\tex/generic/pgf/math\pgfmathparser.code.tex
\pgfmath@dimen=\dimen172
\pgfmath@count=\count307
\pgfmath@box=\box54
\pgfmath@toks=\toks30
\pgfmath@stack@operand=\toks31
\pgfmath@stack@operation=\toks32
)
(D:\LaTeX\tex/generic/pgf/math\pgfmathfunctions.code.tex
(D:\LaTeX\tex/generic/pgf/math\pgfmathfunctions.basic.code.tex)
(D:\LaTeX\tex/generic/pgf/math\pgfmathfunctions.trigonometric.code.tex)
(D:\LaTeX\tex/generic/pgf/math\pgfmathfunctions.random.code.tex)
(D:\LaTeX\tex/generic/pgf/math\pgfmathfunctions.comparison.code.tex)
(D:\LaTeX\tex/generic/pgf/math\pgfmathfunctions.base.code.tex)
(D:\LaTeX\tex/generic/pgf/math\pgfmathfunctions.round.code.tex)
(D:\LaTeX\tex/generic/pgf/math\pgfmathfunctions.misc.code.tex)
(D:\LaTeX\tex/generic/pgf/math\pgfmathfunctions.integerarithmetics.code.tex)))
(D:\LaTeX\tex/generic/pgf/math\pgfmathfloat.code.tex
\c@pgfmathroundto@lastzeros=\count308
))
(D:\LaTeX\tex/generic/pgf/math\pgfint.code.tex)
(D:\LaTeX\tex/generic/pgf/basiclayer\pgfcorepoints.code.tex
File: pgfcorepoints.code.tex 2021/05/15 v3.1.9a (3.1.9a)
\pgf@picminx=\dimen173
\pgf@picmaxx=\dimen174
\pgf@picminy=\dimen175
\pgf@picmaxy=\dimen176
\pgf@pathminx=\dimen177
\pgf@pathmaxx=\dimen178
\pgf@pathminy=\dimen179
\pgf@pathmaxy=\dimen180
\pgf@xx=\dimen181
\pgf@xy=\dimen182
\pgf@yx=\dimen183
\pgf@yy=\dimen184
\pgf@zx=\dimen185
\pgf@zy=\dimen186
)
(D:\LaTeX\tex/generic/pgf/basiclayer\pgfcorepathconstruct.code.tex
File: pgfcorepathconstruct.code.tex 2021/05/15 v3.1.9a (3.1.9a)
\pgf@path@lastx=\dimen187
\pgf@path@lasty=\dimen188
)
(D:\LaTeX\tex/generic/pgf/basiclayer\pgfcorepathusage.code.tex
File: pgfcorepathusage.code.tex 2021/05/15 v3.1.9a (3.1.9a)
\pgf@shorten@end@additional=\dimen189
\pgf@shorten@start@additional=\dimen190
)
(D:\LaTeX\tex/generic/pgf/basiclayer\pgfcorescopes.code.tex
File: pgfcorescopes.code.tex 2021/05/15 v3.1.9a (3.1.9a)
\pgfpic=\box55
\pgf@hbox=\box56
\pgf@layerbox@main=\box57
\pgf@picture@serial@count=\count309
)
(D:\LaTeX\tex/generic/pgf/basiclayer\pgfcoregraphicstate.code.tex
File: pgfcoregraphicstate.code.tex 2021/05/15 v3.1.9a (3.1.9a)
\pgflinewidth=\dimen191
)
(D:\LaTeX\tex/generic/pgf/basiclayer\pgfcoretransformations.code.tex
File: pgfcoretransformations.code.tex 2021/05/15 v3.1.9a (3.1.9a)
\pgf@pt@x=\dimen192
\pgf@pt@y=\dimen193
\pgf@pt@temp=\dimen194
)
(D:\LaTeX\tex/generic/pgf/basiclayer\pgfcorequick.code.tex
File: pgfcorequick.code.tex 2021/05/15 v3.1.9a (3.1.9a)
)
(D:\LaTeX\tex/generic/pgf/basiclayer\pgfcoreobjects.code.tex
File: pgfcoreobjects.code.tex 2021/05/15 v3.1.9a (3.1.9a)
)
(D:\LaTeX\tex/generic/pgf/basiclayer\pgfcorepathprocessing.code.tex
File: pgfcorepathprocessing.code.tex 2021/05/15 v3.1.9a (3.1.9a)
)
(D:\LaTeX\tex/generic/pgf/basiclayer\pgfcorearrows.code.tex
File: pgfcorearrows.code.tex 2021/05/15 v3.1.9a (3.1.9a)
\pgfarrowsep=\dimen195
)
(D:\LaTeX\tex/generic/pgf/basiclayer\pgfcoreshade.code.tex
File: pgfcoreshade.code.tex 2021/05/15 v3.1.9a (3.1.9a)
\pgf@max=\dimen196
\pgf@sys@shading@range@num=\count310
\pgf@shadingcount=\count311
)
(D:\LaTeX\tex/generic/pgf/basiclayer\pgfcoreimage.code.tex
File: pgfcoreimage.code.tex 2021/05/15 v3.1.9a (3.1.9a)

(D:\LaTeX\tex/generic/pgf/basiclayer\pgfcoreexternal.code.tex
File: pgfcoreexternal.code.tex 2021/05/15 v3.1.9a (3.1.9a)
\pgfexternal@startupbox=\box58
))
(D:\LaTeX\tex/generic/pgf/basiclayer\pgfcorelayers.code.tex
File: pgfcorelayers.code.tex 2021/05/15 v3.1.9a (3.1.9a)
)
(D:\LaTeX\tex/generic/pgf/basiclayer\pgfcoretransparency.code.tex
File: pgfcoretransparency.code.tex 2021/05/15 v3.1.9a (3.1.9a)
)
(D:\LaTeX\tex/generic/pgf/basiclayer\pgfcorepatterns.code.tex
File: pgfcorepatterns.code.tex 2021/05/15 v3.1.9a (3.1.9a)
)
(D:\LaTeX\tex/generic/pgf/basiclayer\pgfcorerdf.code.tex
File: pgfcorerdf.code.tex 2021/05/15 v3.1.9a (3.1.9a)
)))
(D:\LaTeX\tex/generic/pgf/modules\pgfmoduleshapes.code.tex
File: pgfmoduleshapes.code.tex 2021/05/15 v3.1.9a (3.1.9a)
\pgfnodeparttextbox=\box59
)
(D:\LaTeX\tex/generic/pgf/modules\pgfmoduleplot.code.tex
File: pgfmoduleplot.code.tex 2021/05/15 v3.1.9a (3.1.9a)
)
(D:\LaTeX\tex/latex/pgf/compatibility\pgfcomp-version-0-65.sty
Package: pgfcomp-version-0-65 2021/05/15 v3.1.9a (3.1.9a)
\pgf@nodesepstart=\dimen197
\pgf@nodesepend=\dimen198
)
(D:\LaTeX\tex/latex/pgf/compatibility\pgfcomp-version-1-18.sty
Package: pgfcomp-version-1-18 2021/05/15 v3.1.9a (3.1.9a)
))
(D:\LaTeX\tex/latex/pgf/utilities\pgffor.sty
(D:\LaTeX\tex/latex/pgf/utilities\pgfkeys.sty
(D:\LaTeX\tex/generic/pgf/utilities\pgfkeys.code.tex))
(D:\LaTeX\tex/latex/pgf/math\pgfmath.sty
(D:\LaTeX\tex/generic/pgf/math\pgfmath.code.tex))
(D:\LaTeX\tex/generic/pgf/utilities\pgffor.code.tex
Package: pgffor 2021/05/15 v3.1.9a (3.1.9a)

(D:\LaTeX\tex/generic/pgf/math\pgfmath.code.tex)
\pgffor@iter=\dimen199
\pgffor@skip=\dimen256
\pgffor@stack=\toks33
\pgffor@toks=\toks34
))
(D:\LaTeX\tex/generic/pgf/frontendlayer/tikz\tikz.code.tex
Package: tikz 2021/05/15 v3.1.9a (3.1.9a)

(D:\LaTeX\tex/generic/pgf/libraries\pgflibraryplothandlers.code.tex
File: pgflibraryplothandlers.code.tex 2021/05/15 v3.1.9a (3.1.9a)
\pgf@plot@mark@count=\count312
\pgfplotmarksize=\dimen257
)
\tikz@lastx=\dimen258
\tikz@lasty=\dimen259
\tikz@lastxsaved=\dimen260
\tikz@lastysaved=\dimen261
\tikz@lastmovetox=\dimen262
\tikz@lastmovetoy=\dimen263
\tikzleveldistance=\dimen264
\tikzsiblingdistance=\dimen265
\tikz@figbox=\box60
\tikz@figbox@bg=\box61
\tikz@tempbox=\box62
\tikz@tempbox@bg=\box63
\tikztreelevel=\count313
\tikznumberofchildren=\count314
\tikznumberofcurrentchild=\count315
\tikz@fig@count=\count316

(D:\LaTeX\tex/generic/pgf/modules\pgfmodulematrix.code.tex
File: pgfmodulematrix.code.tex 2021/05/15 v3.1.9a (3.1.9a)
\pgfmatrixcurrentrow=\count317
\pgfmatrixcurrentcolumn=\count318
\pgf@matrix@numberofcolumns=\count319
)
\tikz@expandcount=\count320

(D:\LaTeX\tex/generic/pgf/frontendlayer/tikz/libraries\tikzlibrarytopaths.code.
tex
File: tikzlibrarytopaths.code.tex 2021/05/15 v3.1.9a (3.1.9a)
))) (D:\LaTeX\tex/latex/tocloft\tocloft.sty
Package: tocloft 2017/08/31 v2.3i parameterised ToC, etc., typesetting
Package tocloft Info: The document has chapter divisions on input line 51.
\cftparskip=\skip56
\cftbeforetoctitleskip=\skip57
\cftaftertoctitleskip=\skip58
\cftbeforepartskip=\skip59
\cftpartnumwidth=\skip60
\cftpartindent=\skip61
\cftbeforechapskip=\skip62
\cftchapindent=\skip63
\cftchapnumwidth=\skip64
\cftbeforesecskip=\skip65
\cftsecindent=\skip66
\cftsecnumwidth=\skip67
\cftbeforesubsecskip=\skip68
\cftsubsecindent=\skip69
\cftsubsecnumwidth=\skip70
\cftbeforesubsubsecskip=\skip71
\cftsubsubsecindent=\skip72
\cftsubsubsecnumwidth=\skip73
\cftbeforeparaskip=\skip74
\cftparaindent=\skip75
\cftparanumwidth=\skip76
\cftbeforesubparaskip=\skip77
\cftsubparaindent=\skip78
\cftsubparanumwidth=\skip79
\cftbeforeloftitleskip=\skip80
\cftafterloftitleskip=\skip81
\cftbeforefigskip=\skip82
\cftfigindent=\skip83
\cftfignumwidth=\skip84
\c@lofdepth=\count321
\c@lotdepth=\count322
\cftbeforelottitleskip=\skip85
\cftafterlottitleskip=\skip86
\cftbeforetabskip=\skip87
\cfttabindent=\skip88
\cfttabnumwidth=\skip89
)
(D:\LaTeX\tex/latex/ncctools\nccmath.sty
Package: nccmath 2006/01/20 v1.3 Additional Math Commands (NCC)
\NCC@fracrulewidth=\dimen266
) (D:\LaTeX\tex/latex/subfig\subfig.sty
Package: subfig 2005/06/28 ver: 1.3 subfig package
(D:\LaTeX\tex/latex/caption\caption.sty
Package: caption 2022/02/20 v3.6 Customizing captions (AR)

(D:\LaTeX\tex/latex/caption\caption3.sty
Package: caption3 2022/01/07 v2.3 caption3 kernel (AR)
\caption@tempdima=\dimen267
\captionmargin=\dimen268
\caption@leftmargin=\dimen269
\caption@rightmargin=\dimen270
\caption@width=\dimen271
\caption@indent=\dimen272
\caption@parindent=\dimen273
\caption@hangindent=\dimen274
Package caption Info: Standard document class detected.
)
\c@caption@flags=\count323
\c@continuedfloat=\count324
Package caption Info: hyperref package is loaded.
Package caption Info: hypcap package is loaded.
)
\c@KVtest=\count325
\sf@farskip=\skip90
\sf@captopadj=\dimen275
\sf@capskip=\skip91
\sf@nearskip=\skip92
\c@subfigure=\count326
\c@subfigure@save=\count327
\c@subtable=\count328
\c@subtable@save=\count329
\sf@top=\skip93
\sf@bottom=\skip94
)
(D:\LaTeX\tex/latex/base\inputenc.sty
Package: inputenc 2021/02/14 v1.3d Input encoding file
\inpenc@prehook=\toks35
\inpenc@posthook=\toks36
)
(D:\LaTeX\tex/latex/tocbibind\tocbibind.sty
Package: tocbibind 2010/10/13 v1.5k extra ToC listings
Package tocbibind Info: The document has chapter divisions on input line 50.


Package tocbibind Note: Using chapter style headings, unless overridden.

)

! LaTeX Error: Option clash for package xcolor.

See the LaTeX manual or LaTeX Companion for explanation.
Type  H <return>  for immediate help.
 ...                                              
                                                  
l.15 \usepackage
                [all]{hypcap}
The package xcolor has already been loaded with options:
  []
There has now been an attempt to load it with options
  [dvipsnames]
Adding the global options:
  ,dvipsnames
to your \documentclass declaration may fix this.
Try typing  <return>  to proceed.


! LaTeX Error: Option clash for package hyperref.

See the LaTeX manual or LaTeX Companion for explanation.
Type  H <return>  for immediate help.
 ...                                              
                                                  
l.17 \usepackage
                [a4paper, total={6.5in, 8in}]{geometry}
The package hyperref has already been loaded with options:
  []
There has now been an attempt to load it with options
  [colorlinks,citecolor=green,urlcolor=blue,bookmarks=true,hypertexnames=true]
Adding the global options:
  ,colorlinks,citecolor=green,urlcolor=blue,bookmarks=true,hypertexnames=true
to your \documentclass declaration may fix this.
Try typing  <return>  to proceed.

(D:\LaTeX\tex/latex/geometry\geometry.sty
Package: geometry 2020/01/02 v5.9 Page Geometry

(D:\LaTeX\tex/generic/iftex\ifvtex.sty
Package: ifvtex 2019/10/25 v1.7 ifvtex legacy package. Use iftex instead.
)
\Gm@cnth=\count330
\Gm@cntv=\count331
\c@Gm@tempcnt=\count332
\Gm@bindingoffset=\dimen276
\Gm@wd@mp=\dimen277
\Gm@odd@mp=\dimen278
\Gm@even@mp=\dimen279
\Gm@layoutwidth=\dimen280
\Gm@layoutheight=\dimen281
\Gm@layouthoffset=\dimen282
\Gm@layoutvoffset=\dimen283
\Gm@dimlist=\toks37

(D:\LaTeX\tex/latex/geometry\geometry.cfg))
(D:\LaTeX\tex/latex/caption\subcaption.sty
Package: subcaption 2022/01/07 v1.5 Sub-captions (AR)


! Package subcaption Error: This package can't be used in cooperation
(subcaption)                with the subfig package.

See the subcaption package documentation for explanation.
Type  H <return>  for immediate help.
 ...                                              
                                                  
l.66 \subcaption@CheckCompatibility
                                   
If you do not understand this error, please take a closer look
at the documentation of the `subcaption' package, especially the
section about errors.
Try typing  <return>  to proceed.
If that doesn't work, type  X <return>  to quit.

)

! LaTeX Error: Option clash for package hyperref.

See the LaTeX manual or LaTeX Companion for explanation.
Type  H <return>  for immediate help.
 ...                                              
                                                  
l.24 \usepackage
                {lipsum}
The package hyperref has already been loaded with options:
  []
There has now been an attempt to load it with options
  [colorlinks,citecolor=green,urlcolor=blue,bookmarks=true,hypertexnames=true]
Adding the global options:
  ,colorlinks,citecolor=green,urlcolor=blue,bookmarks=true,hypertexnames=true
to your \documentclass declaration may fix this.
Try typing  <return>  to proceed.

(D:\LaTeX\tex/latex/lipsum\lipsum.sty
(D:\LaTeX\tex/latex/l3packages/l3keys2e\l3keys2e.sty
(D:\LaTeX\tex/latex/l3kernel\expl3.sty
Package: expl3 2021-11-22 L3 programming layer (loader) 

(D:\LaTeX\tex/latex/l3backend\l3backend-pdftex.def
File: l3backend-pdftex.def 2021-10-18 L3 backend support: PDF output (pdfTeX)
\l__color_backend_stack_int=\count333
\l__pdf_internal_box=\box64
))
Package: l3keys2e 2021-11-12 LaTeX2e option processing using LaTeX3 keys
)
Package: lipsum 2021-09-20 v2.7 150 paragraphs of Lorem Ipsum dummy text
\g__lipsum_par_int=\count334
\l__lipsum_a_int=\count335
\l__lipsum_b_int=\count336

(D:\LaTeX\tex/latex/lipsum\lipsum.ltd.tex))

! LaTeX Error: Option clash for package babel.

See the LaTeX manual or LaTeX Companion for explanation.
Type  H <return>  for immediate help.
 ...                                              
                                                  
l.27 \usepackage
                {bigints}
The package babel has already been loaded with options:
  []
There has now been an attempt to load it with options
  [english]
Adding the global options:
  ,english
to your \documentclass declaration may fix this.
Try typing  <return>  to proceed.

(D:\LaTeX\tex/latex/bigints\bigints.sty
Package: bigints 2010/02/15 Writing big integrals
Package bigints Info: This is Bigints by Merciadri Luca. on input line 5.
)
(D:\LaTeX\tex/latex/sectsty\sectsty.sty
Package: sectsty 2002/02/25 v2.0.2 Commands to change all sectional heading sty
les


LaTeX Warning: Command \underbar  has changed.
               Check if current package is valid.


LaTeX Warning: Command \underline  has changed.
               Check if current package is valid.

) (D:\LaTeX\tex/latex/was\fixmath.sty
Package: fixmath 2000/04/11 v0.9 (WaS)
LaTeX Font Info:    Redeclaring math symbol \Gamma on input line 27.
LaTeX Font Info:    Redeclaring math symbol \Delta on input line 28.
LaTeX Font Info:    Redeclaring math symbol \Theta on input line 29.
LaTeX Font Info:    Redeclaring math symbol \Lambda on input line 30.
LaTeX Font Info:    Redeclaring math symbol \Xi on input line 31.
LaTeX Font Info:    Redeclaring math symbol \Pi on input line 32.
LaTeX Font Info:    Redeclaring math symbol \Sigma on input line 33.
LaTeX Font Info:    Redeclaring math symbol \Upsilon on input line 34.
LaTeX Font Info:    Redeclaring math symbol \Phi on input line 35.
LaTeX Font Info:    Redeclaring math symbol \Psi on input line 36.
LaTeX Font Info:    Redeclaring math symbol \Omega on input line 37.
LaTeX Font Info:    Redeclaring math symbol \alpha on input line 38.
LaTeX Font Info:    Redeclaring math symbol \beta on input line 39.
LaTeX Font Info:    Redeclaring math symbol \gamma on input line 40.
LaTeX Font Info:    Redeclaring math symbol \delta on input line 41.
LaTeX Font Info:    Redeclaring math symbol \epsilon on input line 42.
LaTeX Font Info:    Redeclaring math symbol \zeta on input line 43.
LaTeX Font Info:    Redeclaring math symbol \eta on input line 44.
LaTeX Font Info:    Redeclaring math symbol \theta on input line 45.
LaTeX Font Info:    Redeclaring math symbol \iota on input line 46.
LaTeX Font Info:    Redeclaring math symbol \kappa on input line 47.
LaTeX Font Info:    Redeclaring math symbol \lambda on input line 48.
LaTeX Font Info:    Redeclaring math symbol \mu on input line 49.
LaTeX Font Info:    Redeclaring math symbol \nu on input line 50.
LaTeX Font Info:    Redeclaring math symbol \xi on input line 51.
LaTeX Font Info:    Redeclaring math symbol \pi on input line 52.
LaTeX Font Info:    Redeclaring math symbol \rho on input line 53.
LaTeX Font Info:    Redeclaring math symbol \sigma on input line 54.
LaTeX Font Info:    Redeclaring math symbol \tau on input line 55.
LaTeX Font Info:    Redeclaring math symbol \upsilon on input line 56.
LaTeX Font Info:    Redeclaring math symbol \phi on input line 57.
LaTeX Font Info:    Redeclaring math symbol \chi on input line 58.
LaTeX Font Info:    Redeclaring math symbol \psi on input line 59.
LaTeX Font Info:    Redeclaring math symbol \omega on input line 60.
LaTeX Font Info:    Redeclaring math symbol \varepsilon on input line 61.
LaTeX Font Info:    Redeclaring math symbol \vartheta on input line 62.
LaTeX Font Info:    Redeclaring math symbol \varpi on input line 63.
LaTeX Font Info:    Redeclaring math symbol \varphi on input line 64.
LaTeX Font Info:    Redeclaring math symbol \varrho on input line 65.
LaTeX Font Info:    Redeclaring math symbol \varsigma on input line 66.
) (D:\LaTeX\tex/latex/physics\physics.sty
Package: physics 

(D:\LaTeX\tex/latex/l3packages/xparse\xparse.sty
Package: xparse 2021-11-12 L3 Experimental document command parser
))
(D:\LaTeX\tex/latex/amsfonts\euscript.sty
Package: euscript 2009/06/22 v3.00 Euler Script fonts
LaTeX Font Info:    Overwriting math alphabet `\EuScript' in version `bold'
(Font)                  U/eus/m/n --> U/eus/b/n on input line 33.
)
(D:\LaTeX\tex/latex/tools\tabularx.sty
Package: tabularx 2020/01/15 v2.11c `tabularx' package (DPC)
 (D:\LaTeX\tex/latex/tools\array.sty
Package: array 2021/10/04 v2.5f Tabular extension package (FMi)
\col@sep=\dimen284
\ar@mcellbox=\box65
\extrarowheight=\dimen285
\NC@list=\toks38
\extratabsurround=\skip95
\backup@length=\skip96
\ar@cellbox=\box66
)
\TX@col@width=\dimen286
\TX@old@table=\dimen287
\TX@old@col=\dimen288
\TX@target=\dimen289
\TX@delta=\dimen290
\TX@cols=\count337
\TX@ftn=\toks39
)
(D:\LaTeX\tex/latex/fancyhdr\fancyhdr.sty
Package: fancyhdr 2021/01/28 v4.0.1 Extensive control of page headers and foote
rs
\f@nch@headwidth=\skip97
\f@nch@O@elh=\skip98
\f@nch@O@erh=\skip99
\f@nch@O@olh=\skip100
\f@nch@O@orh=\skip101
\f@nch@O@elf=\skip102
\f@nch@O@erf=\skip103
\f@nch@O@olf=\skip104
\f@nch@O@orf=\skip105
) (D:\LaTeX\tex/latex/float\float.sty
Package: float 2001/11/08 v1.3d Float enhancements (AL)
\c@float@type=\count338
\float@exts=\toks40
\float@box=\box67
\@float@everytoks=\toks41
\@floatcapt=\box68
)

Package fancyhdr Warning: \fancyhead's `E' option without twoside option is use
less on input line 46.


Package fancyhdr Warning: \fancyfoot's `E' option without twoside option is use
less on input line 47.


Package fancyhdr Warning: \fancyfoot's `E' option without twoside option is use
less on input line 48.

(D:\LaTeX\tex/latex/base\fontenc.sty
Package: fontenc 2021/04/29 v2.0v Standard LaTeX package
) (D:\LaTeX\tex/latex/euler\euler.sty
Package: euler 1995/03/05 v2.5

Package: `euler' v2.5 <1995/03/05> (FJ and FMi)
LaTeX Font Info:    Redeclaring symbol font `letters' on input line 35.
LaTeX Font Info:    Encoding `OML' has changed to `U' for symbol font
(Font)              `letters' in the math version `normal' on input line 35.
LaTeX Font Info:    Overwriting symbol font `letters' in version `normal'
(Font)                  OML/cmm/m/it --> U/eur/m/n on input line 35.
LaTeX Font Info:    Encoding `OML' has changed to `U' for symbol font
(Font)              `letters' in the math version `bold' on input line 35.
LaTeX Font Info:    Overwriting symbol font `letters' in version `bold'
(Font)                  OML/cmm/b/it --> U/eur/m/n on input line 35.
LaTeX Font Info:    Overwriting symbol font `letters' in version `bold'
(Font)                  U/eur/m/n --> U/eur/b/n on input line 36.
LaTeX Font Info:    Redeclaring math symbol \Gamma on input line 47.
LaTeX Font Info:    Redeclaring math symbol \Delta on input line 48.
LaTeX Font Info:    Redeclaring math symbol \Theta on input line 49.
LaTeX Font Info:    Redeclaring math symbol \Lambda on input line 50.
LaTeX Font Info:    Redeclaring math symbol \Xi on input line 51.
LaTeX Font Info:    Redeclaring math symbol \Pi on input line 52.
LaTeX Font Info:    Redeclaring math symbol \Sigma on input line 53.
LaTeX Font Info:    Redeclaring math symbol \Upsilon on input line 54.
LaTeX Font Info:    Redeclaring math symbol \Phi on input line 55.
LaTeX Font Info:    Redeclaring math symbol \Psi on input line 56.
LaTeX Font Info:    Redeclaring math symbol \Omega on input line 57.
\symEulerFraktur=\mathgroup6
LaTeX Font Info:    Overwriting symbol font `EulerFraktur' in version `bold'
(Font)                  U/euf/m/n --> U/euf/b/n on input line 63.
LaTeX Font Info:    Redeclaring math alphabet \mathfrak on input line 64.
LaTeX Info: Redefining \oldstylenums on input line 85.
\symEulerScript=\mathgroup7
LaTeX Font Info:    Overwriting symbol font `EulerScript' in version `bold'
(Font)                  U/eus/m/n --> U/eus/b/n on input line 93.
LaTeX Font Info:    Redeclaring math symbol \aleph on input line 97.

! LaTeX Error: Command `\Re' already defined.

See the LaTeX manual or LaTeX Companion for explanation.
Type  H <return>  for immediate help.
 ...                                              
                                                  
l.98 ...MathSymbol\Re   \mathord{EulerScript}{"3C}
                                                  
Your command was ignored.
Type  I <command> <return>  to replace it with another command,
or  <return>  to continue without it.


! LaTeX Error: Command `\Im' already defined.

See the LaTeX manual or LaTeX Companion for explanation.
Type  H <return>  for immediate help.
 ...                                              
                                                  
l.99 ...MathSymbol\Im   \mathord{EulerScript}{"3D}
                                                  
Your command was ignored.
Type  I <command> <return>  to replace it with another command,
or  <return>  to continue without it.

LaTeX Font Info:    Redeclaring math delimiter \vert on input line 101.
LaTeX Font Info:    Redeclaring math delimiter \backslash on input line 103.
LaTeX Font Info:    Redeclaring math symbol \neg on input line 106.
LaTeX Font Info:    Redeclaring math symbol \wedge on input line 108.
LaTeX Font Info:    Redeclaring math symbol \vee on input line 110.
LaTeX Font Info:    Redeclaring math symbol \setminus on input line 112.
LaTeX Font Info:    Redeclaring math symbol \sim on input line 113.
LaTeX Font Info:    Redeclaring math symbol \mid on input line 114.
LaTeX Font Info:    Redeclaring math delimiter \arrowvert on input line 116.
LaTeX Font Info:    Redeclaring math symbol \mathsection on input line 117.
\symEulerExtension=\mathgroup8
LaTeX Font Info:    Redeclaring math symbol \coprod@ on input line 125.
LaTeX Font Info:    Redeclaring math symbol \prod@ on input line 125.
LaTeX Font Info:    Redeclaring math symbol \sum@ on input line 125.
LaTeX Font Info:    Redeclaring math symbol \intop on input line 130.
LaTeX Font Info:    Redeclaring math symbol \ointop on input line 131.
LaTeX Font Info:    Redeclaring math symbol \braceld on input line 132.
LaTeX Font Info:    Redeclaring math symbol \bracerd on input line 133.
LaTeX Font Info:    Redeclaring math symbol \bracelu on input line 134.
LaTeX Font Info:    Redeclaring math symbol \braceru on input line 135.
LaTeX Font Info:    Redeclaring math symbol \infty on input line 136.
LaTeX Font Info:    Redeclaring math symbol \nearrow on input line 153.
LaTeX Font Info:    Redeclaring math symbol \searrow on input line 154.
LaTeX Font Info:    Redeclaring math symbol \nwarrow on input line 155.
LaTeX Font Info:    Redeclaring math symbol \swarrow on input line 156.
LaTeX Font Info:    Redeclaring math symbol \Leftrightarrow on input line 157.
LaTeX Font Info:    Redeclaring math symbol \Leftarrow on input line 158.
LaTeX Font Info:    Redeclaring math symbol \Rightarrow on input line 159.
LaTeX Font Info:    Redeclaring math symbol \leftrightarrow on input line 160.
LaTeX Font Info:    Redeclaring math symbol \leftarrow on input line 161.
LaTeX Font Info:    Redeclaring math symbol \rightarrow on input line 163.
LaTeX Font Info:    Redeclaring math delimiter \uparrow on input line 166.
LaTeX Font Info:    Redeclaring math delimiter \downarrow on input line 168.
LaTeX Font Info:    Redeclaring math delimiter \updownarrow on input line 170.
LaTeX Font Info:    Redeclaring math delimiter \Uparrow on input line 172.
LaTeX Font Info:    Redeclaring math delimiter \Downarrow on input line 174.
LaTeX Font Info:    Redeclaring math delimiter \Updownarrow on input line 176.
LaTeX Font Info:    Redeclaring math symbol \leftharpoonup on input line 177.
LaTeX Font Info:    Redeclaring math symbol \leftharpoondown on input line 178.

LaTeX Font Info:    Redeclaring math symbol \rightharpoonup on input line 179.
LaTeX Font Info:    Redeclaring math symbol \rightharpoondown on input line 180
.
LaTeX Font Info:    Redeclaring math delimiter \lbrace on input line 182.
LaTeX Font Info:    Redeclaring math delimiter \rbrace on input line 184.
\symcmmigroup=\mathgroup9
LaTeX Font Info:    Overwriting symbol font `cmmigroup' in version `bold'
(Font)                  OML/cmm/m/it --> OML/cmm/b/it on input line 200.
LaTeX Font Info:    Redeclaring math accent \vec on input line 201.
LaTeX Font Info:    Redeclaring math symbol \triangleleft on input line 202.
LaTeX Font Info:    Redeclaring math symbol \triangleright on input line 203.
LaTeX Font Info:    Redeclaring math symbol \star on input line 204.
LaTeX Font Info:    Redeclaring math symbol \lhook on input line 205.
LaTeX Font Info:    Redeclaring math symbol \rhook on input line 206.
LaTeX Font Info:    Redeclaring math symbol \flat on input line 207.
LaTeX Font Info:    Redeclaring math symbol \natural on input line 208.
LaTeX Font Info:    Redeclaring math symbol \sharp on input line 209.
LaTeX Font Info:    Redeclaring math symbol \smile on input line 210.
LaTeX Font Info:    Redeclaring math symbol \frown on input line 211.
LaTeX Font Info:    Redeclaring math accent \grave on input line 245.
LaTeX Font Info:    Redeclaring math accent \acute on input line 246.
LaTeX Font Info:    Redeclaring math accent \tilde on input line 247.
LaTeX Font Info:    Redeclaring math accent \ddot on input line 248.
LaTeX Font Info:    Redeclaring math accent \check on input line 249.
LaTeX Font Info:    Redeclaring math accent \breve on input line 250.
LaTeX Font Info:    Redeclaring math accent \bar on input line 251.
LaTeX Font Info:    Redeclaring math accent \dot on input line 252.
LaTeX Font Info:    Redeclaring math accent \hat on input line 254.
)
Package hyperref Info: Option `colorlinks' set `true' on input line 58.
 (D:\LaTeX\tex/latex/setspace\setspace.sty
Package: setspace 2011/12/19 v6.7a set line spacing
)

LaTeX Warning: Unused global option(s):
    [12.5pt].

No file dft.aux.
\openout1 = `dft.aux'.

LaTeX Font Info:    Checking defaults for OML/cmm/m/it on input line 68.
LaTeX Font Info:    ... okay on input line 68.
LaTeX Font Info:    Checking defaults for OMS/cmsy/m/n on input line 68.
LaTeX Font Info:    ... okay on input line 68.
LaTeX Font Info:    Checking defaults for OT1/cmr/m/n on input line 68.
LaTeX Font Info:    ... okay on input line 68.
LaTeX Font Info:    Checking defaults for T1/cmr/m/n on input line 68.
LaTeX Font Info:    ... okay on input line 68.
LaTeX Font Info:    Checking defaults for TS1/cmr/m/n on input line 68.
LaTeX Font Info:    ... okay on input line 68.
LaTeX Font Info:    Checking defaults for OMX/cmex/m/n on input line 68.
LaTeX Font Info:    ... okay on input line 68.
LaTeX Font Info:    Checking defaults for U/cmr/m/n on input line 68.
LaTeX Font Info:    ... okay on input line 68.
LaTeX Font Info:    Checking defaults for PD1/pdf/m/n on input line 68.
LaTeX Font Info:    ... okay on input line 68.
LaTeX Font Info:    Checking defaults for PU/pdf/m/n on input line 68.
LaTeX Font Info:    ... okay on input line 68.
(D:\LaTeX\tex/context/base/mkii\supp-pdf.mkii
[Loading MPS to PDF converter (version 2006.09.02).]
\scratchcounter=\count339
\scratchdimen=\dimen291
\scratchbox=\box69
\nofMPsegments=\count340
\nofMParguments=\count341
\everyMPshowfont=\toks42
\MPscratchCnt=\count342
\MPscratchDim=\dimen292
\MPnumerator=\count343
\makeMPintoPDFobject=\count344
\everyMPtoPDFconversion=\toks43
) (D:\LaTeX\tex/latex/epstopdf-pkg\epstopdf-base.sty
Package: epstopdf-base 2020-01-24 v2.11 Base part for package epstopdf
Package epstopdf-base Info: Redefining graphics rule for `.eps' on input line 4
85.

(D:\LaTeX\tex/latex/00miktex\epstopdf-sys.cfg
File: epstopdf-sys.cfg 2021/03/18 v2.0 Configuration of epstopdf for MiKTeX
))
Package hyperref Info: Link coloring ON on input line 68.

(D:\LaTeX\tex/latex/hyperref\nameref.sty
Package: nameref 2021-04-02 v2.47 Cross-referencing by name of section

(D:\LaTeX\tex/latex/refcount\refcount.sty
Package: refcount 2019/12/15 v3.6 Data extraction from label references (HO)
)
(D:\LaTeX\tex/generic/gettitlestring\gettitlestring.sty
Package: gettitlestring 2019/12/15 v1.6 Cleanup title references (HO)
)
\c@section@level=\count345
)
LaTeX Info: Redefining \ref on input line 68.
LaTeX Info: Redefining \pageref on input line 68.
LaTeX Info: Redefining \nameref on input line 68.
\@outlinefile=\write4
\openout4 = `dft.out'.

Package caption Info: Begin \AtBeginDocument code.
Package caption Info: subfig package v1.3 is loaded.
Package caption Info: float package is loaded.
Package caption Info: End \AtBeginDocument code.

*geometry* driver: auto-detecting
*geometry* detected driver: pdftex
*geometry* verbose mode - [ preamble ] result:
* driver: pdftex
* paper: a4paper
* layout: <same size as paper>
* layoutoffset:(h,v)=(0.0pt,0.0pt)
* modes: 
* h-part:(L,W,R)=(63.87643pt, 469.75499pt, 63.87645pt)
* v-part:(T,H,B)=(106.75473pt, 578.15999pt, 160.13213pt)
* \paperwidth=597.50787pt
* \paperheight=845.04684pt
* \textwidth=469.75499pt
* \textheight=578.15999pt
* \oddsidemargin=-8.39355pt
* \evensidemargin=-8.39355pt
* \topmargin=-2.51526pt
* \headheight=12.0pt
* \headsep=25.0pt
* \topskip=10.0pt
* \footskip=30.0pt
* \marginparwidth=57.0pt
* \marginparsep=11.0pt
* \columnsep=10.0pt
* \skip\footins=9.0pt plus 4.0pt minus 2.0pt
* \hoffset=0.0pt
* \voffset=0.0pt
* \mag=1000
* \@twocolumnfalse
* \@twosidefalse
* \@mparswitchfalse
* \@reversemarginfalse
* (1in=72.27pt=25.4mm, 1cm=28.453pt)

LaTeX Font Info:    Redeclaring symbol font `operators' on input line 68.
LaTeX Font Info:    Encoding `OT1' has changed to `T1' for symbol font
(Font)              `operators' in the math version `normal' on input line 68.
LaTeX Font Info:    Overwriting symbol font `operators' in version `normal'
(Font)                  OT1/cmr/m/n --> T1/cmr/m/up on input line 68.
LaTeX Font Info:    Encoding `OT1' has changed to `T1' for symbol font
(Font)              `operators' in the math version `bold' on input line 68.
LaTeX Font Info:    Overwriting symbol font `operators' in version `bold'
(Font)                  OT1/cmr/bx/n --> T1/cmr/m/up on input line 68.
LaTeX Font Info:    Overwriting symbol font `operators' in version `bold'
(Font)                  T1/cmr/m/up --> T1/cmr/b/up on input line 68.
LaTeX Font Info:    Redeclaring math alphabet \mathbf on input line 68.
LaTeX Font Info:    Overwriting math alphabet `\mathbf' in version `normal'
(Font)                  OT1/cmr/bx/n --> T1/cmr/b/up on input line 68.
LaTeX Font Info:    Overwriting math alphabet `\mathbf' in version `bold'
(Font)                  OT1/cmr/bx/n --> T1/cmr/b/up on input line 68.
LaTeX Font Info:    Redeclaring math alphabet \mathsf on input line 68.
LaTeX Font Info:    Overwriting math alphabet `\mathsf' in version `normal'
(Font)                  OT1/cmss/m/n --> T1/cmss/m/up on input line 68.
LaTeX Font Info:    Overwriting math alphabet `\mathsf' in version `bold'
(Font)                  OT1/cmss/bx/n --> T1/cmss/m/up on input line 68.
LaTeX Font Info:    Redeclaring math alphabet \mathit on input line 68.
LaTeX Font Info:    Overwriting math alphabet `\mathit' in version `normal'
(Font)                  OT1/cmr/m/it --> T1/cmr/m/it on input line 68.
LaTeX Font Info:    Overwriting math alphabet `\mathit' in version `bold'
(Font)                  OT1/cmr/bx/it --> T1/cmr/m/it on input line 68.
LaTeX Font Info:    Redeclaring math alphabet \mathtt on input line 68.
LaTeX Font Info:    Overwriting math alphabet `\mathtt' in version `normal'
(Font)                  OT1/cmtt/m/n --> T1/cmtt/m/up on input line 68.
LaTeX Font Info:    Overwriting math alphabet `\mathtt' in version `bold'
(Font)                  OT1/cmtt/m/n --> T1/cmtt/m/up on input line 68.
LaTeX Font Info:    Overwriting math alphabet `\mathsf' in version `bold'
(Font)                  T1/cmss/m/up --> T1/cmss/b/up on input line 68.
LaTeX Font Info:    Overwriting math alphabet `\mathit' in version `bold'
(Font)                  T1/cmr/m/it --> T1/cmr/b/it on input line 68.
\openout2 = `./Title.aux'.

No file ./Title.tex.
\tf@toc=\write5
\openout5 = `dft.toc'.

[1




{C:/Users/Vikas/AppData/Local/MiKTeX/fonts/map/pdftex/pdftex.map}]
\tf@lof=\write6
\openout6 = `dft.lof'.

 [2]

LaTeX Warning: Citation `khoei2014extended' on page 3 undefined on input line 7
9.


LaTeX Warning: Citation `kuna2013finite' on page 3 undefined on input line 86.


LaTeX Warning: Citation `kuna2013finite' on page 3 undefined on input line 89.


LaTeX Warning: Citation `belytschko1999elastic' on page 3 undefined on input li
ne 91.


LaTeX Warning: Citation `khoei2014extended' on page 3 undefined on input line 9
5.

[3]

LaTeX Warning: Citation `khoei2014extended' on page 4 undefined on input line 9
6.


LaTeX Font Warning: Font shape `T1/cmr/m/up' undefined
(Font)              using `T1/cmr/m/n' instead on input line 101.

LaTeX Font Info:    Trying to load font information for U+eur on input line 101
.
(D:\LaTeX\tex/latex/amsfonts\ueur.fd
File: ueur.fd 2013/01/14 v3.01 Euler Roman
)
LaTeX Font Info:    Trying to load font information for U+msa on input line 101
.
 (D:\LaTeX\tex/latex/amsfonts\umsa.fd
File: umsa.fd 2013/01/14 v3.01 AMS symbols A
)
LaTeX Font Info:    Trying to load font information for U+msb on input line 101
.

(D:\LaTeX\tex/latex/amsfonts\umsb.fd
File: umsb.fd 2013/01/14 v3.01 AMS symbols B
)
LaTeX Font Info:    Trying to load font information for U+euf on input line 101
.
 (D:\LaTeX\tex/latex/amsfonts\ueuf.fd
File: ueuf.fd 2013/01/14 v3.01 Euler Fraktur
)
LaTeX Font Info:    Trying to load font information for U+eus on input line 101
.

(D:\LaTeX\tex/latex/amsfonts\ueus.fd
File: ueus.fd 2013/01/14 v3.01 Euler Script
)
LaTeX Font Info:    Trying to load font information for U+euex on input line 10
1.
 (D:\LaTeX\tex/latex/amsfonts\ueuex.fd
File: ueuex.fd 2013/01/14 v3.01 Euler extra symbols
)

LaTeX Warning: Reference `eq:1' on page 4 undefined on input line 101.


LaTeX Warning: Citation `ahmed2009extended' on page 4 undefined on input line 1
01.


LaTeX Warning: Citation `khoei2014extended' on page 4 undefined on input line 1
06.


LaTeX Warning: Reference `eq:2' on page 4 undefined on input line 106.


LaTeX Warning: Citation `khoei2014extended' on page 4 undefined on input line 1
12.


LaTeX Warning: Reference `eq:3' on page 4 undefined on input line 112.


LaTeX Warning: Citation `ahmed2009extended' on page 4 undefined on input line 1
20.


LaTeX Warning: Citation `ahmed2009extended' on page 4 undefined on input line 1
20.


LaTeX Warning: Reference `eq:4' on page 4 undefined on input line 120.

[4]

LaTeX Warning: Reference `eq:5' on page 5 undefined on input line 126.


LaTeX Warning: Citation `khoei2014extended' on page 5 undefined on input line 1
33.


LaTeX Warning: Citation `ahmed2009extended' on page 5 undefined on input line 1
36.


LaTeX Warning: Citation `ahmed2009extended' on page 5 undefined on input line 1
38.


LaTeX Warning: Citation `belytschko1999elastic' on page 5 undefined on input li
ne 141.


LaTeX Warning: Reference `fig:1' on page 5 undefined on input line 141.


LaTeX Warning: Citation `khoei2014extended' on page 5 undefined on input line 1
41.


LaTeX Warning: Citation `pandey2019new' on page 5 undefined on input line 143.


LaTeX Warning: Citation `khoei2014extended' on page 5 undefined on input line 1
43.

[5]

LaTeX Warning: Reference `fig:2' on page 6 undefined on input line 146.


LaTeX Warning: Citation `khoei2014extended' on page 6 undefined on input line 1
46.


LaTeX Warning: Reference `fig:3' on page 6 undefined on input line 149.

<enriched.png, id=55, 601.24625pt x 606.265pt>
File: enriched.png Graphic file (type png)
<use enriched.png>
Package pdftex.def Info: enriched.png  used on input line 154.
(pdftex.def)             Requested size: 240.49423pt x 242.5017pt.

LaTeX Warning: File `Blend.png' not found on input line 161.


! Package pdftex.def Error: File `Blend.png' not found: using draft setting.

See the pdftex.def package documentation for explanation.
Type  H <return>  for immediate help.
 ...                                              
                                                  
l.161   \includegraphics[scale=0.4]{Blend.png}
                                              
Try typing  <return>  to proceed.
If that doesn't work, type  X <return>  to quit.

LaTeX Font Info:    Trying to load font information for T1+cmtt on input line 1
61.
(D:\LaTeX\tex/latex/base\t1cmtt.fd
File: t1cmtt.fd 2019/12/16 v2.5j Standard LaTeX font definitions
) [6 <./enriched.png>]
<pretip.png, id=65, 601.24625pt x 606.265pt>
File: pretip.png Graphic file (type png)
<use pretip.png>
Package pdftex.def Info: pretip.png  used on input line 168.
(pdftex.def)             Requested size: 240.49423pt x 242.5017pt.


LaTeX Warning: Reference `fig:4' on page 7 undefined on input line 174.


LaTeX Warning: Reference `eq:6' on page 7 undefined on input line 174.


LaTeX Warning: Citation `ahmed2009extended' on page 7 undefined on input line 1
74.


Underfull \hbox (badness 10000) in paragraph at lines 174--175

 []

<Hside.png, id=66, 489.83pt x 367.3725pt>
File: Hside.png Graphic file (type png)
<use Hside.png>
Package pdftex.def Info: Hside.png  used on input line 178.
(pdftex.def)             Requested size: 244.9144pt x 183.68579pt.

LaTeX Warning: Citation `ahmed2009extended' on page 7 undefined on input line 1
79.


LaTeX Warning: `h' float specifier changed to `ht'.


LaTeX Warning: Citation `ahmed2009extended' on page 7 undefined on input line 1
93.


LaTeX Warning: Citation `ahmed2009extended' on page 7 undefined on input line 1
93.

[7 <./pretip.png>]

LaTeX Warning: Reference `fig:5' on page 8 undefined on input line 197.


LaTeX Warning: Reference `eq:7' on page 8 undefined on input line 198.

<LHS.png, id=78, 201.75375pt x 152.06813pt>
File: LHS.png Graphic file (type png)
<use LHS.png>
Package pdftex.def Info: LHS.png  used on input line 202.
(pdftex.def)             Requested size: 199.16928pt x 150.12096pt.
<RHS.png, id=79, 188.20313pt x 146.79843pt>
File: RHS.png Graphic file (type png)
<use RHS.png>
Package pdftex.def Info: RHS.png  used on input line 204.
(pdftex.def)             Requested size: 199.16928pt x 155.36366pt.

LaTeX Warning: Citation `ahmed2009extended' on page 8 undefined on input line 2
05.


LaTeX Warning: `h' float specifier changed to `ht'.


LaTeX Warning: Citation `ahmed2009extended' on page 8 undefined on input line 2
15.


LaTeX Warning: Citation `ahmed2009extended' on page 8 undefined on input line 2
15.


LaTeX Warning: Reference `eq:7' on page 8 undefined on input line 216.

! Undefined control sequence.
l.218 \vsapce
             {-0.1cm}
The control sequence at the end of the top line
of your error message was never \def'ed. If you have
misspelled it (e.g., `\hobx'), type `I' and the correct
spelling (e.g., `I\hbox'). Otherwise just continue,
and I'll forget about whatever was undefined.


LaTeX Warning: Reference `fig:6' on page 8 undefined on input line 220.

[8 <./Hside.png>]
<Heavy_enr.png, id=89, 601.24625pt x 606.265pt>
File: Heavy_enr.png Graphic file (type png)
<use Heavy_enr.png>
Package pdftex.def Info: Heavy_enr.png  used on input line 224.
(pdftex.def)             Requested size: 180.37526pt x 181.8809pt.


LaTeX Warning: Reference `eq:8' on page 9 undefined on input line 230.


LaTeX Warning: Reference `fig:7' on page 9 undefined on input line 230.

[9 <./LHS.png> <./RHS.png> <./Heavy_enr.png>]

LaTeX Warning: Citation `pandey2019new' on page 10 undefined on input line 234.



LaTeX Warning: Citation `pandey2019new' on page 10 undefined on input line 234.


<Tip_enr.png, id=101, 601.24625pt x 606.265pt>
File: Tip_enr.png Graphic file (type png)
<use Tip_enr.png>
Package pdftex.def Info: Tip_enr.png  used on input line 238.
(pdftex.def)             Requested size: 180.37526pt x 181.8809pt.

LaTeX Warning: Reference `eq:10' on page 10 undefined on input line 244.

[10 <./Tip_enr.png>]

LaTeX Warning: Reference `eq:11' on page 11 undefined on input line 267.


LaTeX Warning: Citation `mohammadi2008extended' on page 11 undefined on input l
ine 267.


Overfull \hbox (3.1573pt too wide) in paragraph at lines 267--268
\T1/cmr/m/up/10 The near-tip enrichment functions are represented in local pola
r coordinates and hence it has to be transformed
 []


LaTeX Warning: Reference `eq:13' on page 11 undefined on input line 274.


LaTeX Warning: Reference `eq:13' on page 11 undefined on input line 274.


LaTeX Warning: Citation `mohammadi2008extended' on page 11 undefined on input l
ine 291.


LaTeX Warning: Reference `eq:17' on page 11 undefined on input line 291.


LaTeX Warning: Reference `eq:20' on page 11 undefined on input line 291.

[11]

LaTeX Warning: Citation `mohammadi2008extended' on page 12 undefined on input l
ine 309.


LaTeX Warning: Reference `eq:21' on page 12 undefined on input line 309.


LaTeX Warning: Reference `eq:24' on page 12 undefined on input line 309.


LaTeX Warning: Citation `mohammadi2008extended' on page 12 undefined on input l
ine 323.


LaTeX Warning: Reference `eq:25' on page 12 undefined on input line 323.


LaTeX Warning: Reference `eq:26' on page 12 undefined on input line 323.


! LaTeX Error: There's no line here to end.

See the LaTeX manual or LaTeX Companion for explanation.
Type  H <return>  for immediate help.
 ...                                              
                                                  
l.331 \newline
              
Your command was ignored.
Type  I <command> <return>  to replace it with another command,
or  <return>  to continue without it.


LaTeX Warning: Reference `eq:27' on page 12 undefined on input line 332.


LaTeX Warning: Reference `eq:28' on page 12 undefined on input line 332.

[12]

LaTeX Warning: Reference `eq:30' on page 13 undefined on input line 342.


LaTeX Warning: Reference `eq:29' on page 13 undefined on input line 342.


LaTeX Warning: File `iso.png' not found on input line 362.


! Package pdftex.def Error: File `iso.png' not found: using draft setting.

See the pdftex.def package documentation for explanation.
Type  H <return>  for immediate help.
 ...                                              
                                                  
l.362     \includegraphics[scale = 1.8]{iso.png}
                                                
Try typing  <return>  to proceed.
If that doesn't work, type  X <return>  to quit.


LaTeX Warning: Citation `sukumar2003modeling' on page 13 undefined on input lin
e 363.


LaTeX Warning: Reference `fig:8' on page 13 undefined on input line 367.


LaTeX Warning: Citation `khoei2014extended' on page 13 undefined on input line 
367.


LaTeX Warning: Reference `eq:31' on page 13 undefined on input line 367.

[13]

LaTeX Warning: Citation `khoei2014extended' on page 14 undefined on input line 
376.


LaTeX Warning: Reference `eq:35' on page 14 undefined on input line 376.


LaTeX Font Warning: Command \large invalid in math mode on input line 394.


LaTeX Font Warning: Command \large invalid in math mode on input line 394.


LaTeX Font Warning: Command \large invalid in math mode on input line 394.


LaTeX Font Warning: Command \large invalid in math mode on input line 394.


LaTeX Font Warning: Command \large invalid in math mode on input line 394.


LaTeX Font Warning: Command \large invalid in math mode on input line 394.


LaTeX Font Warning: Command \large invalid in math mode on input line 394.


LaTeX Font Warning: Command \large invalid in math mode on input line 394.


LaTeX Warning: Reference `eq:36' on page 14 undefined on input line 396.


Underfull \hbox (badness 10000) in paragraph at lines 396--398

 []


LaTeX Font Warning: Command \large invalid in math mode on input line 403.


LaTeX Font Warning: Command \large invalid in math mode on input line 403.


LaTeX Font Warning: Command \large invalid in math mode on input line 403.


LaTeX Font Warning: Command \large invalid in math mode on input line 403.


LaTeX Warning: Citation `khoei2014extended' on page 14 undefined on input line 
405.


LaTeX Warning: Reference `eq:37' on page 14 undefined on input line 405.


LaTeX Font Warning: Command \large invalid in math mode on input line 411.


LaTeX Font Warning: Command \large invalid in math mode on input line 411.


LaTeX Font Warning: Command \large invalid in math mode on input line 411.


LaTeX Font Warning: Command \large invalid in math mode on input line 411.


Overfull \hbox (3.41176pt too wide) detected at line 411
[]
 []


LaTeX Warning: Citation `khoei2014extended' on page 14 undefined on input line 
413.

[14]

LaTeX Warning: Reference `eq:38' on page 15 undefined on input line 415.


LaTeX Warning: Reference `eq:42' on page 15 undefined on input line 415.


LaTeX Font Warning: Command \large invalid in math mode on input line 433.


LaTeX Font Warning: Command \large invalid in math mode on input line 433.


LaTeX Font Warning: Command \large invalid in math mode on input line 433.


LaTeX Font Warning: Command \large invalid in math mode on input line 433.


LaTeX Warning: Reference `eq:43' on page 15 undefined on input line 434.


LaTeX Warning: Reference `eq:44' on page 15 undefined on input line 439.


LaTeX Warning: Reference `eq:45' on page 15 undefined on input line 443.


LaTeX Warning: Reference `eq:45' on page 15 undefined on input line 448.


LaTeX Warning: Citation `khoei2014extended' on page 15 undefined on input line 
448.

[15]

LaTeX Warning: Citation `khoei2014extended' on page 16 undefined on input line 
457.


LaTeX Warning: Reference `eq:46' on page 16 undefined on input line 457.


LaTeX Warning: Reference `tab:Table1' on page 16 undefined on input line 465.


LaTeX Warning: Citation `khoei2014extended' on page 16 undefined on input line 
484.


LaTeX Warning: Reference `eq:47' on page 16 undefined on input line 484.


LaTeX Warning: Citation `khoei2014extended' on page 16 undefined on input line 
493.


LaTeX Warning: Reference `eq:48' on page 16 undefined on input line 493.


LaTeX Warning: Citation `khoei2014extended' on page 16 undefined on input line 
497.


LaTeX Warning: Reference `eq:49' on page 16 undefined on input line 497.

[16]

LaTeX Warning: Citation `khoei2014extended' on page 17 undefined on input line 
506.


LaTeX Warning: Reference `eq:50' on page 17 undefined on input line 506.


LaTeX Warning: Reference `eq:56' on page 17 undefined on input line 518.


LaTeX Warning: Citation `khoei2014extended' on page 17 undefined on input line 
532.

[17]

LaTeX Warning: Citation `khoei2014extended' on page 18 undefined on input line 
535.


LaTeX Warning: Reference `fig:9' on page 18 undefined on input line 535.


LaTeX Warning: Citation `khoei2014extended' on page 18 undefined on input line 
536.


LaTeX Warning: Reference `eq:57' on page 18 undefined on input line 537.

<Subdivision.png, id=195, 601.24625pt x 606.265pt>
File: Subdivision.png Graphic file (type png)
<use Subdivision.png>
Package pdftex.def Info: Subdivision.png  used on input line 541.
(pdftex.def)             Requested size: 300.62238pt x 303.13176pt.
[18 <./Subdivision.png>]

LaTeX Warning: Reference `eq:58' on page 19 undefined on input line 554.


LaTeX Warning: Reference `eq:59' on page 19 undefined on input line 561.


LaTeX Warning: Reference `eq:60' on page 19 undefined on input line 562.


LaTeX Warning: Citation `khoei2014extended' on page 19 undefined on input line 
562.

[19]

LaTeX Warning: Reference `eq:61' on page 20 undefined on input line 578.


LaTeX Warning: Citation `ahmed2009extended' on page 20 undefined on input line 
584.


LaTeX Warning: Reference `eq:62' on page 20 undefined on input line 584.


LaTeX Font Warning: Command \large invalid in math mode on input line 607.


LaTeX Font Warning: Command \large invalid in math mode on input line 607.


LaTeX Font Warning: Command \large invalid in math mode on input line 607.


LaTeX Font Warning: Command \large invalid in math mode on input line 607.


LaTeX Warning: Reference `eq:63' on page 20 undefined on input line 609.

[20]

LaTeX Warning: Reference `eq:64' on page 21 undefined on input line 633.


LaTeX Warning: Reference `eq:65' on page 21 undefined on input line 633.


LaTeX Font Warning: Command \large invalid in math mode on input line 662.


LaTeX Font Warning: Command \large invalid in math mode on input line 662.


LaTeX Font Warning: Command \large invalid in math mode on input line 662.


LaTeX Font Warning: Command \large invalid in math mode on input line 662.


LaTeX Warning: Reference `eq:66' on page 21 undefined on input line 665.


LaTeX Warning: Reference `eq:67' on page 21 undefined on input line 665.


LaTeX Warning: Citation `ahmed2009extended' on page 21 undefined on input line 
691.


LaTeX Warning: Reference `eq:68' on page 21 undefined on input line 691.

[21]

LaTeX Warning: Citation `kuna2013finite' on page 22 undefined on input line 717
.


LaTeX Warning: Citation `kuna2013finite' on page 22 undefined on input line 718
.


LaTeX Warning: Citation `kuna2013finite' on page 22 undefined on input line 720
.


LaTeX Warning: Citation `kuna2013finite' on page 22 undefined on input line 723
.


LaTeX Warning: Reference `fig:10' on page 22 undefined on input line 725.


LaTeX Warning: Reference `fig:11' on page 22 undefined on input line 726.


LaTeX Warning: Reference `fig:12' on page 22 undefined on input line 727.

<M1.png, id=231, 200.24812pt x 128.73094pt>
File: M1.png Graphic file (type png)
<use M1.png>
Package pdftex.def Info: M1.png  used on input line 733.
(pdftex.def)             Requested size: 160.19872pt x 102.98486pt.

LaTeX Warning: Citation `kuna2013finite' on page 22 undefined on input line 734
.


LaTeX Warning: Citation `kuna2013finite' on page 22 undefined on input line 734
.

<M2.png, id=232, 178.41656pt x 140.02313pt>
File: M2.png Graphic file (type png)
<use M2.png>
Package pdftex.def Info: M2.png  used on input line 739.
(pdftex.def)             Requested size: 142.73343pt x 112.01865pt.

LaTeX Warning: Citation `kuna2013finite' on page 22 undefined on input line 740
.


LaTeX Warning: Citation `kuna2013finite' on page 22 undefined on input line 740
.

[22]
<M3.png, id=241, 229.60782pt x 133.24782pt>
File: M3.png Graphic file (type png)
<use M3.png>
Package pdftex.def Info: M3.png  used on input line 747.
(pdftex.def)             Requested size: 183.6865pt x 106.59839pt.


LaTeX Warning: Citation `kuna2013finite' on page 23 undefined on input line 748
.


LaTeX Warning: Citation `kuna2013finite' on page 23 undefined on input line 748
.


LaTeX Warning: Reference `fig:13' on page 23 undefined on input line 754.


LaTeX Warning: Citation `khoei2014extended' on page 23 undefined on input line 
754.


LaTeX Warning: Reference `eq:69' on page 23 undefined on input line 754.

<stress.PNG, id=242, 166.82326pt x 126.4725pt>
File: stress.PNG Graphic file (type png)
<use stress.PNG>
Package pdftex.def Info: stress.PNG  used on input line 763.
(pdftex.def)             Requested size: 166.82285pt x 126.47218pt.

LaTeX Warning: Citation `kuna2013finite' on page 23 undefined on input line 764
.


LaTeX Warning: Citation `kuna2013finite' on page 23 undefined on input line 764
.


LaTeX Warning: `h' float specifier changed to `ht'.


LaTeX Warning: Citation `khoei2014extended' on page 23 undefined on input line 
770.


LaTeX Warning: Citation `nagashima2003stress' on page 23 undefined on input lin
e 771.


LaTeX Warning: Reference `eq:70' on page 23 undefined on input line 771.


LaTeX Warning: Reference `eq:72' on page 23 undefined on input line 771.

[23 <./M1.png> <./M2.png> <./M3.png>]

LaTeX Warning: Citation `nagashima2003stress' on page 24 undefined on input lin
e 782.


LaTeX Warning: Reference `eq:73' on page 24 undefined on input line 782.


LaTeX Warning: Citation `nagashima2003stress' on page 24 undefined on input lin
e 791.


LaTeX Warning: Reference `eq:77' on page 24 undefined on input line 791.


LaTeX Warning: Reference `eq:80' on page 24 undefined on input line 791.

[24 <./stress.PNG>]

LaTeX Warning: Citation `khoei2014extended' on page 25 undefined on input line 
808.


LaTeX Warning: Reference `eq:81' on page 25 undefined on input line 808.


LaTeX Warning: Reference `eq:83' on page 25 undefined on input line 816.


LaTeX Warning: Reference `eq:86' on page 25 undefined on input line 816.


LaTeX Warning: Citation `khoei2014extended' on page 25 undefined on input line 
816.


LaTeX Warning: Reference `eq:87' on page 25 undefined on input line 836.


LaTeX Warning: Reference `eq:89' on page 25 undefined on input line 836.


LaTeX Warning: Citation `khoei2014extended' on page 25 undefined on input line 
836.

[25]

LaTeX Warning: Citation `nagashima2003stress' on page 26 undefined on input lin
e 850.


LaTeX Warning: Reference `eq:90' on page 26 undefined on input line 850.


LaTeX Warning: Reference `eq:93' on page 26 undefined on input line 850.


LaTeX Warning: Reference `eq:94' on page 26 undefined on input line 869.


LaTeX Warning: Reference `eq:97' on page 26 undefined on input line 869.


LaTeX Warning: Citation `khoei2014extended' on page 26 undefined on input line 
869.


LaTeX Warning: Citation `ahmed2009extended' on page 26 undefined on input line 
873.


LaTeX Warning: Citation `ahmed2009extended' on page 26 undefined on input line 
873.


LaTeX Warning: Citation `ahmed2009extended' on page 26 undefined on input line 
877.


LaTeX Warning: Citation `ahmed2009extended' on page 26 undefined on input line 
877.


LaTeX Warning: Citation `ahmed2009extended' on page 26 undefined on input line 
881.


LaTeX Warning: Citation `ahmed2009extended' on page 26 undefined on input line 
881.


LaTeX Warning: Citation `ahmed2009extended' on page 26 undefined on input line 
891.


LaTeX Warning: Citation `ahmed2009extended' on page 26 undefined on input line 
891.


LaTeX Warning: Reference `eq:90' on page 26 undefined on input line 893.


LaTeX Warning: Reference `eq:90' on page 26 undefined on input line 895.


LaTeX Warning: Reference `eq:94' on page 26 undefined on input line 895.


LaTeX Warning: Reference `eq:98' on page 26 undefined on input line 895.


LaTeX Warning: Reference `eq:99' on page 26 undefined on input line 895.

[26]
Underfull \hbox (badness 10000) in paragraph at lines 915--916

 []


LaTeX Warning: Citation `khoei2014extended' on page 27 undefined on input line 
917.


LaTeX Warning: Reference `eq:100' on page 27 undefined on input line 920.


LaTeX Warning: Reference `eq:101' on page 27 undefined on input line 920.


LaTeX Warning: Reference `fig:14' on page 27 undefined on input line 920.


LaTeX Warning: Citation `kuna2013finite' on page 27 undefined on input line 920
.

<J_int.PNG, id=298, 317.38576pt x 230.0595pt>
File: J_int.PNG Graphic file (type png)
<use J_int.PNG>
Package pdftex.def Info: J_int.PNG  used on input line 923.
(pdftex.def)             Requested size: 317.38498pt x 230.05893pt.

LaTeX Warning: Citation `kuna2013finite' on page 27 undefined on input line 924
.


LaTeX Warning: Citation `kuna2013finite' on page 27 undefined on input line 924
.


Overfull \hbox (13.73805pt too wide) in paragraph at lines 920--928
\T1/cmr/m/up/10 In Fracture mechanics computations, SIFs are the most important
 fracture parameters used for the determination
 []

[27]

LaTeX Warning: Citation `kuna2013finite' on page 28 undefined on input line 939
.


LaTeX Warning: Reference `eq:102' on page 28 undefined on input line 939.


LaTeX Warning: Citation `kuna2013finite' on page 28 undefined on input line 946
.


LaTeX Warning: Reference `eq:103' on page 28 undefined on input line 946.

[28 <./J_int.PNG>]

LaTeX Warning: Reference `eq:104' on page 29 undefined on input line 952.


LaTeX Warning: Reference `eq:104' on page 29 undefined on input line 958.


LaTeX Warning: Reference `eq:105' on page 29 undefined on input line 958.


LaTeX Warning: Reference `eq:106' on page 29 undefined on input line 964.


LaTeX Font Warning: Command \large invalid in math mode on input line 981.


LaTeX Font Warning: Command \large invalid in math mode on input line 981.


LaTeX Font Warning: Command \large invalid in math mode on input line 981.


LaTeX Font Warning: Command \large invalid in math mode on input line 981.


LaTeX Font Warning: Command \large invalid in math mode on input line 981.


LaTeX Font Warning: Command \large invalid in math mode on input line 981.


LaTeX Font Warning: Command \large invalid in math mode on input line 981.


LaTeX Font Warning: Command \large invalid in math mode on input line 981.

LaTeX Font Info:    Trying to load font information for T1+qcr on input line 98
6.
(D:\LaTeX\tex/latex/tex-gyre\t1qcr.fd
File: t1qcr.fd 2009/09/25 v1.2 font definition file for T1/qcr
)
Overfull \hbox (0.77364pt too wide) in paragraph at lines 983--1007
[] [][][]
 []


Overfull \hbox (4.24501pt too wide) in paragraph at lines 983--1007
\T1/qcr/m/n/10 def Interaction_integral(Nodes, displacements, stress, strains, 
set4Gauss, c_2,
 []

[29]

LaTeX Warning: Citation `khoei2014extended' on page 30 undefined on input line 
1009.


LaTeX Warning: Citation `khoei2014extended' on page 30 undefined on input line 
1010.


LaTeX Warning: Reference `eq:107' on page 30 undefined on input line 1012.


! LaTeX Error: Unicode character  (U+03B8)
               not set up for use with LaTeX.

See the LaTeX manual or LaTeX Companion for explanation.
Type  H <return>  for immediate help.
 ...                                              
                                                  
l.1017 ...esults in the crack propagation angle 
                                                  c that can be expressed us...

You may provide a definition with
\DeclareUnicodeCharacter 


LaTeX Warning: Citation `khoei2014extended' on page 30 undefined on input line 
1018.


LaTeX Warning: Reference `eq:108' on page 30 undefined on input line 1018.

[30]

LaTeX Warning: Reference `eq:109' on page 31 undefined on input line 1026.


Overfull \hbox (8.62819pt too wide) in paragraph at lines 1035--1103
\T1/cmr/m/up/10 N_elements, B_elements = list of non enriched element numbers a
nd Blended element numbers list respectively 
 []

[31] [32]
<ppp_files.PNG, id=348, 142.73325pt x 264.38776pt>
File: ppp_files.PNG Graphic file (type png)
<use ppp_files.PNG>
Package pdftex.def Info: ppp_files.PNG  used on input line 1108.
(pdftex.def)             Requested size: 142.73288pt x 264.3871pt.
 [33]
Underfull \hbox (badness 10000) in paragraph at lines 1115--1121

 []


LaTeX Warning: Reference `fig:15' on page 34 undefined on input line 1123.


LaTeX Warning: Reference `fig:16' on page 34 undefined on input line 1123.


LaTeX Warning: File `flowchart _1.drawio.png' not found on input line 1126.


! Package pdftex.def Error: File `flowchart _1.drawio.png' not found: using dra
ft setting.

See the pdftex.def package documentation for explanation.
Type  H <return>  for immediate help.
 ...                                              
                                                  
l.1126 ...ics[scale =0.4]{flowchart _1.drawio.png}
                                                  
Try typing  <return>  to proceed.
If that doesn't work, type  X <return>  to quit.

[34 <./ppp_files.PNG>]

LaTeX Warning: File `J-integral.drawio.png' not found on input line 1134.


! Package pdftex.def Error: File `J-integral.drawio.png' not found: using draft
 setting.

See the pdftex.def package documentation for explanation.
Type  H <return>  for immediate help.
 ...                                              
                                                  
l.1134 ...5cm, scale =0.28]{J-integral.drawio.png}
                                                  
Try typing  <return>  to proceed.
If that doesn't work, type  X <return>  to quit.


LaTeX Warning: Reference `fig:17' on page 35 undefined on input line 1144.

<step function.png, id=362, 611.28375pt x 334.24875pt>
File: step function.png Graphic file (type png)
<use step function.png>
Package pdftex.def Info: step function.png  used on input line 1159.
(pdftex.def)             Requested size: 183.38654pt x 100.27539pt.
[35]
! Undefined control sequence.
l.1170 ...st: {\fontfamily{qcr}\selectfont \testbf
                                                  {py.test -v Test{\_}unit{\...
The control sequence at the end of the top line
of your error message was never \def'ed. If you have
misspelled it (e.g., `\hobx'), type `I' and the correct
spelling (e.g., `I\hbox'). Otherwise just continue,
and I'll forget about whatever was undefined.

! Undefined control sequence.
l.1171 ...ut: {\fontfamily{qcr}\selectfont \testbf
                                                  {python -c 'import Test{\_...
The control sequence at the end of the top line
of your error message was never \def'ed. If you have
misspelled it (e.g., `\hobx'), type `I' and the correct
spelling (e.g., `I\hbox'). Otherwise just continue,
and I'll forget about whatever was undefined.

[36 <./step function.png>]

LaTeX Font Warning: Command \large invalid in math mode on input line 1195.


LaTeX Font Warning: Command \large invalid in math mode on input line 1198.

! Undefined control sequence.
l.1217 ...st: {\fontfamily{qcr}\selectfont \testbf
                                                  {py.test -v Test{\_}unit{\...
The control sequence at the end of the top line
of your error message was never \def'ed. If you have
misspelled it (e.g., `\hobx'), type `I' and the correct
spelling (e.g., `I\hbox'). Otherwise just continue,
and I'll forget about whatever was undefined.

! Undefined control sequence.
l.1218 ...ut: {\fontfamily{qcr}\selectfont \testbf
                                                  {python -c 'import Test{\_...
The control sequence at the end of the top line
of your error message was never \def'ed. If you have
misspelled it (e.g., `\hobx'), type `I' and the correct
spelling (e.g., `I\hbox'). Otherwise just continue,
and I'll forget about whatever was undefined.

[37] [38]
! Undefined control sequence.
l.1265 ...st: {\fontfamily{qcr}\selectfont \testbf
                                                  {py.test -v Test{\_}unit{\...
The control sequence at the end of the top line
of your error message was never \def'ed. If you have
misspelled it (e.g., `\hobx'), type `I' and the correct
spelling (e.g., `I\hbox'). Otherwise just continue,
and I'll forget about whatever was undefined.

! Undefined control sequence.
l.1266 ...ut: {\fontfamily{qcr}\selectfont \testbf
                                                  {python -c  'import Test{\...
The control sequence at the end of the top line
of your error message was never \def'ed. If you have
misspelled it (e.g., `\hobx'), type `I' and the correct
spelling (e.g., `I\hbox'). Otherwise just continue,
and I'll forget about whatever was undefined.


Underfull \hbox (badness 10000) in paragraph at lines 1271--1291

 []


Overfull \hbox (4.24501pt too wide) in paragraph at lines 1271--1291
\T1/qcr/b/n/10 This function is created to balance the size of the matrices. Th
is function is
 []


Overfull \hbox (10.24501pt too wide) in paragraph at lines 1271--1291
\T1/qcr/b/n/10 called when the size of the matrix is not 40X40, the highest pos
sible size for a
 []


Overfull \hbox (22.24501pt too wide) in paragraph at lines 1271--1291
\T1/qcr/b/n/10 matrix in the sample. The function adds two matrices of differen
t sizes in place,
 []

[39]
! Undefined control sequence.
l.1312 ...st: {\fontfamily{qcr}\selectfont \testbf
                                                  {py.test -v Test{\_}unit{\...
The control sequence at the end of the top line
of your error message was never \def'ed. If you have
misspelled it (e.g., `\hobx'), type `I' and the correct
spelling (e.g., `I\hbox'). Otherwise just continue,
and I'll forget about whatever was undefined.

! Undefined control sequence.
l.1313 ...ut: {\fontfamily{qcr}\selectfont \testbf
                                                  {python -c 'import Test{\_...
The control sequence at the end of the top line
of your error message was never \def'ed. If you have
misspelled it (e.g., `\hobx'), type `I' and the correct
spelling (e.g., `I\hbox'). Otherwise just continue,
and I'll forget about whatever was undefined.

[40]

! LaTeX Error: There's no line here to end.

See the LaTeX manual or LaTeX Companion for explanation.
Type  H <return>  for immediate help.
 ...                                              
                                                  
l.1350 \newline
               
Your command was ignored.
Type  I <command> <return>  to replace it with another command,
or  <return>  to continue without it.

[41]

! LaTeX Error: There's no line here to end.

See the LaTeX manual or LaTeX Companion for explanation.
Type  H <return>  for immediate help.
 ...                                              
                                                  
l.1361 \textbf
              {Result}: Test case passed
Your command was ignored.
Type  I <command> <return>  to replace it with another command,
or  <return>  to continue without it.

! Undefined control sequence.
l.1364 ...st: {\fontfamily{qcr}\selectfont \testbf
                                                  {py.test -v Test{\_}unit{\...
The control sequence at the end of the top line
of your error message was never \def'ed. If you have
misspelled it (e.g., `\hobx'), type `I' and the correct
spelling (e.g., `I\hbox'). Otherwise just continue,
and I'll forget about whatever was undefined.

! Undefined control sequence.
l.1365 ...ut: {\fontfamily{qcr}\selectfont \testbf
                                                  {python -c  'import Test{\...
The control sequence at the end of the top line
of your error message was never \def'ed. If you have
misspelled it (e.g., `\hobx'), type `I' and the correct
spelling (e.g., `I\hbox'). Otherwise just continue,
and I'll forget about whatever was undefined.


Underfull \hbox (badness 10000) in paragraph at lines 1369--1387

 []

[42]

! LaTeX Error: There's no line here to end.

See the LaTeX manual or LaTeX Companion for explanation.
Type  H <return>  for immediate help.
 ...                                              
                                                  
l.1393 \textbf
              {Enriched element list}:
Your command was ignored.
Type  I <command> <return>  to replace it with another command,
or  <return>  to continue without it.


! LaTeX Error: There's no line here to end.

See the LaTeX manual or LaTeX Companion for explanation.
Type  H <return>  for immediate help.
 ...                                              
                                                  
l.1398 \textbf
              {Expected output}: After removing the enriched element list
Your command was ignored.
Type  I <command> <return>  to replace it with another command,
or  <return>  to continue without it.


Underfull \hbox (badness 10000) in paragraph at lines 1413--1432

 []

[43]
Overfull \hbox (10.24501pt too wide) in paragraph at lines 1448--1474
\T1/qcr/b/n/10 This function generates the necessary terms required for generat
ing tip enriched 
 []


Overfull \hbox (16.24501pt too wide) in paragraph at lines 1448--1474
\T1/qcr/b/n/10 theta : angle of the point under query, measured from the crack 
tip (-pi to +pi) 
 []


Overfull \hbox (10.24501pt too wide) in paragraph at lines 1448--1474
\T1/qcr/b/n/10 dF : Differentiation of the enrichment functions associated with
 Shape functions 
 []

[44]

! LaTeX Error: There's no line here to end.

See the LaTeX manual or LaTeX Companion for explanation.
Type  H <return>  for immediate help.
 ...                                              
                                                  
l.1479 \textbf
              {Result}: Test case passed
Your command was ignored.
Type  I <command> <return>  to replace it with another command,
or  <return>  to continue without it.


Overfull \hbox (1.96773pt too wide) in paragraph at lines 1479--1486
\T1/cmr/m/up/10 command to run the test: \T1/qcr/m/n/10 py.test -v Test_unit_fu
nctions.py::test_asymptotic_functions 
 []


Overfull \hbox (10.24501pt too wide) in paragraph at lines 1488--1512
\T1/qcr/b/n/10 dF : Differentiation of the enrichment functions associated with
 Shape functions 
 []

[45]

! LaTeX Error: There's no line here to end.

See the LaTeX manual or LaTeX Companion for explanation.
Type  H <return>  for immediate help.
 ...                                              
                                                  
l.1525 \textbf
              {Result}: Test case passed\\
Your command was ignored.
Type  I <command> <return>  to replace it with another command,
or  <return>  to continue without it.


Underfull \hbox (badness 10000) in paragraph at lines 1525--1532

 []


Overfull \hbox (16.74483pt too wide) in paragraph at lines 1525--1532
\T1/cmr/m/up/10 Command to run the test: \T1/qcr/m/n/10 py.test -v Test_unit_fu
nctions.py::test_tip_enrichment_func_N1 
 []

[46]
Overfull \hbox (28.24501pt too wide) in paragraph at lines 1534--1554
\T1/qcr/b/n/10 This function computes all the prerequisites for the nodes and e
lements generations 
 []

[47]

LaTeX Warning: Reference `eq:110' on page 48 undefined on input line 1570.


Underfull \hbox (badness 10000) in paragraph at lines 1570--1584

 []

[48]
Overfull \hbox (22.24501pt too wide) in paragraph at lines 1615--1645
\T1/qcr/b/n/10 The function checks if any of the nodes is outside the domain un
der consideration.
 []

[49]

LaTeX Warning: Reference `eq:111' on page 50 undefined on input line 1647.

[50]

LaTeX Warning: Reference `fig:18' on page 51 undefined on input line 1689.


LaTeX Warning: Reference `fig:18' on page 51 undefined on input line 1690.

<2x2 disp.png, id=451, 617.30624pt x 606.265pt>
File: 2x2 disp.png Graphic file (type png)
<use 2x2 disp.png>
Package pdftex.def Info: 2x2 disp.png  used on input line 1693.
(pdftex.def)             Requested size: 246.91812pt x 242.5017pt.

Underfull \hbox (badness 10000) in paragraph at lines 1688--1706

 []


LaTeX Warning: `h' float specifier changed to `ht'.

[51]

LaTeX Warning: Citation `taylor2014feap' on page 52 undefined on input line 170
8.


LaTeX Warning: Reference `fig:19' on page 52 undefined on input line 1711.

[52 <./2x2 disp.png>]
<Newton's.png, id=466, 496.85625pt x 498.86375pt>
File: Newton's.png Graphic file (type png)
<use Newton's.png>
Package pdftex.def Info: Newton's.png  used on input line 1715.
(pdftex.def)             Requested size: 273.27177pt x 274.37592pt.


LaTeX Warning: Reference `eq:112' on page 53 undefined on input line 1720.


LaTeX Font Warning: Font shape `T1/cmr/b/up' undefined
(Font)              using `T1/cmr/b/n' instead on input line 1723.


LaTeX Warning: Reference `eq:113' on page 53 undefined on input line 1724.


LaTeX Warning: Reference `eq:112' on page 53 undefined on input line 1728.

[53 <./Newton's.png>]

LaTeX Warning: Reference `eq:112' on page 54 undefined on input line 1730.


LaTeX Warning: Reference `eq:114' on page 54 undefined on input line 1730.


LaTeX Warning: Citation `taylor2014feap' on page 54 undefined on input line 174
3.


LaTeX Warning: Reference `fig:20' on page 54 undefined on input line 1744.

<1x1 stress strain.png, id=476, 611.28375pt x 606.265pt>
File: 1x1 stress strain.png Graphic file (type png)
<use 1x1 stress strain.png>
Package pdftex.def Info: 1x1 stress strain.png  used on input line 1747.
(pdftex.def)             Requested size: 305.64113pt x 303.13176pt.

LaTeX Warning: `h' float specifier changed to `ht'.

[54]

LaTeX Warning: Citation `pandey2019new' on page 55 undefined on input line 1762
.

[55 <./1x1 stress strain.png>]

LaTeX Warning: Citation `taylor2014feap' on page 56 undefined on input line 176
9.


LaTeX Warning: Citation `taylor2014feap' on page 56 undefined on input line 178
0.

[56]

LaTeX Warning: Citation `taylor2014feap' on page 57 undefined on input line 179
1.


Underfull \hbox (badness 10000) in paragraph at lines 1791--1800

 []

[57]
Underfull \hbox (badness 10000) in paragraph at lines 1806--1809

 []


Underfull \hbox (badness 10000) in paragraph at lines 1810--1813

 []


Underfull \hbox (badness 10000) in paragraph at lines 1814--1817

 []


Underfull \hbox (badness 10000) in paragraph at lines 1818--1821

 []


Underfull \hbox (badness 10000) in paragraph at lines 1822--1825

 []


Underfull \hbox (badness 10000) in paragraph at lines 1826--1829

 []


Underfull \hbox (badness 10000) in paragraph at lines 1830--1833

 []

[58]
Underfull \hbox (badness 10000) in paragraph at lines 1834--1837

 []


Underfull \hbox (badness 10000) in paragraph at lines 1838--1841

 []


Underfull \hbox (badness 10000) in paragraph at lines 1842--1845

 []


Underfull \hbox (badness 10000) in paragraph at lines 1846--1849

 []


Underfull \hbox (badness 10000) in paragraph at lines 1850--1853

 []


Underfull \hbox (badness 10000) in paragraph at lines 1854--1857

 []


Underfull \hbox (badness 10000) in paragraph at lines 1858--1861

 []

[59]
Underfull \hbox (badness 10000) in paragraph at lines 1862--1865

 []


Underfull \hbox (badness 10000) in paragraph at lines 1866--1869

 []


Underfull \hbox (badness 10000) in paragraph at lines 1870--1873

 []


! LaTeX Error: There's no line here to end.

See the LaTeX manual or LaTeX Companion for explanation.
Type  H <return>  for immediate help.
 ...                                              
                                                  
l.1879 =
        =========test{\_}Rigid{\_}body{\_}motion==========\\
Your command was ignored.
Type  I <command> <return>  to replace it with another command,
or  <return>  to continue without it.


Underfull \hbox (badness 10000) in paragraph at lines 1879--1882

 []


Underfull \hbox (badness 10000) in paragraph at lines 1883--1886

 []

[60]

LaTeX Warning: Reference `fig:21' on page 61 undefined on input line 1888.


Underfull \hbox (badness 10000) in paragraph at lines 1888--1891

 []

<PIE.png, id=515, 1280.785pt x 1130.2225pt>
File: PIE.png Graphic file (type png)
<use PIE.png>
Package pdftex.def Info: PIE.png  used on input line 1894.
(pdftex.def)             Requested size: 448.28146pt x 395.5838pt.
[61 <./PIE.png>]
No file dft.bbl.
(dft.aux (Title.aux))

LaTeX Font Warning: Some font shapes were not available, defaults substituted.


LaTeX Warning: There were undefined references.


LaTeX Warning: Label(s) may have changed. Rerun to get cross-references right.


Package rerunfilecheck Warning: File `dft.out' has changed.
(rerunfilecheck)                Rerun to get outlines right
(rerunfilecheck)                or use package `bookmark'.

Package rerunfilecheck Info: Checksums for `dft.out':
(rerunfilecheck)             Before: <no file>
(rerunfilecheck)             After:  02300252BCCEBC90112882A55221C2BA;13670.
 ) 
Here is how much of TeX's memory you used:
 26590 strings out of 478659
 476218 string characters out of 2862876
 866872 words of memory out of 3000000
 43890 multiletter control sequences out of 15000+600000
 431516 words of font info for 102 fonts, out of 8000000 for 9000
 1141 hyphenation exceptions out of 8191
 84i,15n,89p,750b,433s stack positions out of 5000i,500n,10000p,200000b,80000s
 <C:\Users\Vikas\AppData\Local\MiKTeX\fonts/pk/ljfour/jknappen/ec/dpi600\ecrb
1000.pk> <C:\Users\Vikas\AppData\Local\MiKTeX\fonts/pk/modeless/public/tex-gyre
/dpi600\ec-qcrb.pk> <C:\Users\Vikas\AppData\Local\MiKTeX\fonts/pk/modeless/publ
ic/tex-gyre/dpi600\ec-qcrr.pk> <C:\Users\Vikas\AppData\Local\MiKTeX\fonts/pk/lj
four/jknappen/ec/dpi600\eccc1000.pk> <C:\Users\Vikas\AppData\Local\MiKTeX\fonts
/pk/ljfour/jknappen/ec/dpi600\ecrm1200.pk> <C:\Users\Vikas\AppData\Local\MiKTeX
\fonts/pk/ljfour/jknappen/ec/dpi600\ecrm0800.pk> <C:\Users\Vikas\AppData\Local\
MiKTeX\fonts/pk/ljfour/jknappen/ec/dpi600\ectt1000.pk> <C:\Users\Vikas\AppData\
Local\MiKTeX\fonts/pk/ljfour/jknappen/ec/dpi600\tcrm1000.pk> <C:\Users\Vikas\Ap
pData\Local\MiKTeX\fonts/pk/ljfour/jknappen/ec/dpi600\ecbx1000.pk> <C:\Users\Vi
kas\AppData\Local\MiKTeX\fonts/pk/ljfour/jknappen/ec/dpi600\ecbx1200.pk> <C:\Us
ers\Vikas\AppData\Local\MiKTeX\fonts/pk/ljfour/jknappen/ec/dpi600\ecbx1440.pk> 
<C:\Users\Vikas\AppData\Local\MiKTeX\fonts/pk/ljfour/jknappen/ec/dpi600\ecrm100
0.pk> <C:\Users\Vikas\AppData\Local\MiKTeX\fonts/pk/ljfour/jknappen/ec/dpi600\e
cbx2488.pk><D:/LaTeX/fonts/type1/public/amsfonts/cm/cmex10.pfb><D:/LaTeX/fonts/
type1/public/amsfonts/cm/cmmib10.pfb><D:/LaTeX/fonts/type1/public/amsfonts/cmex
tra/cmmib7.pfb><D:/LaTeX/fonts/type1/public/amsfonts/cm/cmsy10.pfb><D:/LaTeX/fo
nts/type1/public/amsfonts/cm/cmsy5.pfb><D:/LaTeX/fonts/type1/public/amsfonts/cm
/cmsy7.pfb><D:/LaTeX/fonts/type1/public/amsfonts/euler/euex10.pfb><D:/LaTeX/fon
ts/type1/public/amsfonts/euler/eufm10.pfb><D:/LaTeX/fonts/type1/public/amsfonts
/euler/eufm5.pfb><D:/LaTeX/fonts/type1/public/amsfonts/euler/eufm7.pfb><D:/LaTe
X/fonts/type1/public/amsfonts/euler/eurm10.pfb><D:/LaTeX/fonts/type1/public/ams
fonts/euler/eurm5.pfb><D:/LaTeX/fonts/type1/public/amsfonts/euler/eurm7.pfb><D:
/LaTeX/fonts/type1/public/amsfonts/euler/eusm10.pfb><D:/LaTeX/fonts/type1/publi
c/amsfonts/euler/eusm7.pfb>
Output written on dft.pdf (61 pages, 807246 bytes).
PDF statistics:
 1134 PDF objects out of 1200 (max. 8388607)
 262 named destinations out of 1000 (max. 500000)
 108 words of extra memory for PDF output out of 10000 (max. 10000000)

